[[0.163823,{"lines":{"0":[["falsetru@ubuntu:/tmp$                                                           ",{}]],"1":[["                                                                                ",{}]],"2":[["                                                                                ",{}]],"3":[["                                                                                ",{}]],"4":[["                                                                                ",{}]],"5":[["                                                                                ",{}]],"6":[["                                                                                ",{}]],"7":[["                                                                                ",{}]],"8":[["                                                                                ",{}]],"9":[["                                                                                ",{}]],"10":[["                                                                                ",{}]],"11":[["                                                                                ",{}]],"12":[["                                                                                ",{}]],"13":[["                                                                                ",{}]],"14":[["                                                                                ",{}]],"15":[["                                                                                ",{}]],"16":[["                                                                                ",{}]],"17":[["                                                                                ",{}]],"18":[["                                                                                ",{}]],"19":[["                                                                                ",{}]],"20":[["                                                                                ",{}]],"21":[["                                                                                ",{}]],"22":[["                                                                                ",{}]],"23":[["                                                                                ",{}]],"24":[["                                                                                ",{}]],"25":[["                                                                                ",{}]],"26":[["                                                                                ",{}]],"27":[["                                                                                ",{}]],"28":[["                                                                                ",{}]],"29":[["                                                                                ",{}]],"30":[["                                                                                ",{}]],"31":[["                                                                                ",{}]],"32":[["                                                                                ",{}]],"33":[["                                                                                ",{}]],"34":[["                                                                                ",{}]],"35":[["                                                                                ",{}]],"36":[["                                                                                ",{}]],"37":[["                                                                                ",{}]],"38":[["                                                                                ",{}]],"39":[["                                                                                ",{}]],"40":[["                                                                                ",{}]],"41":[["                                                                                ",{}]]},"cursor":{"x":22,"y":0,"visible":true}}],[0.139878,{"cursor":{"x":0,"y":1}}],[0.000474,{"lines":{"1":[["falsetru@ubuntu:/tmp$                                                           ",{}]]},"cursor":{"x":22}}],[0.135578,{"cursor":{"x":0,"y":2}}],[0.000339,{"lines":{"2":[["falsetru@ubuntu:/tmp$                                                           ",{}]]},"cursor":{"x":22}}],[0.103727,{"lines":{"2":[["falsetru@ubuntu:/tmp$ c                                                         ",{}]]},"cursor":{"x":23}}],[0.088535,{"lines":{"2":[["falsetru@ubuntu:/tmp$ ca                                                        ",{}]]},"cursor":{"x":24}}],[0.09511,{"lines":{"2":[["falsetru@ubuntu:/tmp$ cat                                                       ",{}]]},"cursor":{"x":25}}],[0.080249,{"cursor":{"x":26}}],[0.11288,{"lines":{"2":[["falsetru@ubuntu:/tmp$ cat t                                                     ",{}]]},"cursor":{"x":27}}],[0.09572799999999999,{"lines":{"2":[["falsetru@ubuntu:/tmp$ cat te                                                    ",{}]]},"cursor":{"x":28}}],[0.071634,{"lines":{"2":[["falsetru@ubuntu:/tmp$ cat tes                                                   ",{}]]},"cursor":{"x":29}}],[0.08780499999999999,{"lines":{"2":[["falsetru@ubuntu:/tmp$ cat test                                                  ",{}]]},"cursor":{"x":30}}],[0.140375,{"lines":{"2":[["falsetru@ubuntu:/tmp$ cat test.                                                 ",{}]]},"cursor":{"x":31}}],[0.771797,{"lines":{"2":[["falsetru@ubuntu:/tmp$ cat test                                                  ",{}]]},"cursor":{"x":30}}],[0.568363,{"lines":{"2":[["falsetru@ubuntu:/tmp$ cat test_                                                 ",{}]]},"cursor":{"x":31}}],[0.106574,{"lines":{"2":[["falsetru@ubuntu:/tmp$ cat test_sample.py                                        ",{}]]},"cursor":{"x":41}}],[0.317226,{"cursor":{"x":0,"y":3}}],[0.00343,{"lines":{"3":[["import itertools                                                                ",{}]],"5":[["import pytest                                                                   ",{}]],"7":[["class FunctionWrapper(str):                                                     ",{}]],"8":[["    def __init__(self, f):                                                      ",{}]],"9":[["        self.f = f                                                              ",{}]],"10":[["    def __call__(self, *args, **kwargs):                                        ",{}]],"11":[["        return self.f(*args, **kwargs)                                          ",{}]],"12":[["    def __str__(self):                                                          ",{}]],"13":[["        return self.f.__name__                                                  ",{}]],"15":[["def greater_than_30(itemNo):                                                    ",{}]],"16":[["    assert (itemNo > 30), \"not greater than 30\"                                 ",{}]],"17":[["def lesser_than_30(itemNo):                                                     ",{}]],"18":[["    assert (itemNo < 30), \"not lesser thant 30\"                                 ",{}]],"19":[["def modulo_2(itemNo):                                                           ",{}]],"20":[["    assert (itemNo % 2) == 0, \"not divisible by 2\"                              ",{}]],"22":[["@pytest.mark.parametrize(                                                       ",{}]],"23":[["    ['itemNo', 'assertion_func'],                                               ",{}]],"24":[["    list(itertools.product(                                                     ",{}]],"25":[["        [0, 11, 33],                                                            ",{}]],"26":[["        map(FunctionWrapper, [greater_than_30, lesser_than_30, modulo_2])       ",{}]],"27":[["    ))                                                                          ",{}]],"28":[[")                                                                               ",{}]],"29":[["def test_item_no(itemNo, assertion_func):                                       ",{}]],"30":[["    assertion_func(itemNo)                                                      ",{}]],"31":[["falsetru@ubuntu:/tmp$                                                           ",{}]]},"cursor":{"x":22,"y":31}}],[0.668441,{"cursor":{"x":0,"y":32}}],[0.000441,{"lines":{"32":[["falsetru@ubuntu:/tmp$                                                           ",{}]]},"cursor":{"x":22}}],[0.263307,{"cursor":{"x":0,"y":33}}],[0.000415,{"lines":{"33":[["falsetru@ubuntu:/tmp$                                                           ",{}]]},"cursor":{"x":22}}],[1.520515,{"lines":{"33":[["falsetru@ubuntu:/tmp$ p                                                         ",{}]]},"cursor":{"x":23}}],[0.311705,{"lines":{"33":[["falsetru@ubuntu:/tmp$ py                                                        ",{}]]},"cursor":{"x":24}}],[0.320067,{"lines":{"33":[["falsetru@ubuntu:/tmp$ py.                                                       ",{}]]},"cursor":{"x":25}}],[0.279346,{"lines":{"33":[["falsetru@ubuntu:/tmp$ py.t                                                      ",{}]]},"cursor":{"x":26}}],[0.18459,{"lines":{"33":[["falsetru@ubuntu:/tmp$ py.te                                                     ",{}]]},"cursor":{"x":27}}],[0.183658,{"lines":{"33":[["falsetru@ubuntu:/tmp$ py.tes                                                    ",{}]]},"cursor":{"x":28}}],[0.120271,{"lines":{"33":[["falsetru@ubuntu:/tmp$ py.test                                                   ",{}]]},"cursor":{"x":29}}],[0.104275,{"cursor":{"x":30}}],[0.239751,{"lines":{"33":[["falsetru@ubuntu:/tmp$ py.test -                                                 ",{}]]},"cursor":{"x":31}}],[0.8078070000000001,{"lines":{"33":[["falsetru@ubuntu:/tmp$ py.test -v                                                ",{}]]},"cursor":{"x":32}}],[0.07961699999999999,{"cursor":{"x":33}}],[0.148509,{"lines":{"33":[["falsetru@ubuntu:/tmp$ py.test -v -                                              ",{}]]},"cursor":{"x":34}}],[0.595554,{"lines":{"33":[["falsetru@ubuntu:/tmp$ py.test -v --                                             ",{}]]},"cursor":{"x":35}}],[0.127954,{"lines":{"33":[["falsetru@ubuntu:/tmp$ py.test -v --t                                            ",{}]]},"cursor":{"x":36}}],[0.224797,{"lines":{"33":[["falsetru@ubuntu:/tmp$ py.test -v --tb                                           ",{}]]},"cursor":{"x":37}}],[0.063691,{"lines":{"33":[["falsetru@ubuntu:/tmp$ py.test -v --tb=                                          ",{}]]},"cursor":{"x":38}}],[0.199261,{"lines":{"33":[["falsetru@ubuntu:/tmp$ py.test -v --tb=n                                         ",{}]]},"cursor":{"x":39}}],[0.048318,{"lines":{"33":[["falsetru@ubuntu:/tmp$ py.test -v --tb=no                                        ",{}]]},"cursor":{"x":40}}],[0.264319,{"cursor":{"x":41}}],[1.376204,{"lines":{"33":[["falsetru@ubuntu:/tmp$ py.test -v --tb=no t                                      ",{}]]},"cursor":{"x":42}}],[0.175364,{"lines":{"33":[["falsetru@ubuntu:/tmp$ py.test -v --tb=no te                                     ",{}]]},"cursor":{"x":43}}],[0.064286,{"lines":{"33":[["falsetru@ubuntu:/tmp$ py.test -v --tb=no tes                                    ",{}]]},"cursor":{"x":44}}],[0.080705,{"lines":{"33":[["falsetru@ubuntu:/tmp$ py.test -v --tb=no test                                   ",{}]]},"cursor":{"x":45}}],[0.175417,{"lines":{"33":[["falsetru@ubuntu:/tmp$ py.test -v --tb=no test_                                  ",{}]]},"cursor":{"x":46}}],[0.135639,{"lines":{"33":[["falsetru@ubuntu:/tmp$ py.test -v --tb=no test_s                                 ",{}]]},"cursor":{"x":47}}],[0.06404899999999999,{"lines":{"33":[["falsetru@ubuntu:/tmp$ py.test -v --tb=no test_sa                                ",{}]]},"cursor":{"x":48}}],[0.096482,{"lines":{"33":[["falsetru@ubuntu:/tmp$ py.test -v --tb=no test_sam                               ",{}]]},"cursor":{"x":49}}],[0.039863,{"lines":{"33":[["falsetru@ubuntu:/tmp$ py.test -v --tb=no test_samp                              ",{}]]},"cursor":{"x":50}}],[0.133772,{"lines":{"33":[["falsetru@ubuntu:/tmp$ py.test -v --tb=no test_sample.py                         ",{}]]},"cursor":{"x":56}}],[0.562598,{"cursor":{"x":0,"y":34}}],[0.114088,{"lines":{"34":[["============================= test session starts ==============================",{"bold":true}]],"35":[["platform linux2 -- Python 2.7.5 -- pytest-2.3.5 -- /usr/bin/python              ",{}]]},"cursor":{"y":36}}],[0.015205,{"lines":{"0":[["falsetru@ubuntu:/tmp$ cat test_sample.py                                        ",{}]],"1":[["import itertools                                                                ",{}]],"2":[["                                                                                ",{}]],"3":[["import pytest                                                                   ",{}]],"5":[["class FunctionWrapper(str):                                                     ",{}]],"6":[["    def __init__(self, f):                                                      ",{}]],"7":[["        self.f = f                                                              ",{}]],"8":[["    def __call__(self, *args, **kwargs):                                        ",{}]],"9":[["        return self.f(*args, **kwargs)                                          ",{}]],"10":[["    def __str__(self):                                                          ",{}]],"11":[["        return self.f.__name__                                                  ",{}]],"12":[["                                                                                ",{}]],"13":[["def greater_than_30(itemNo):                                                    ",{}]],"14":[["    assert (itemNo > 30), \"not greater than 30\"                                 ",{}]],"15":[["def lesser_than_30(itemNo):                                                     ",{}]],"16":[["    assert (itemNo < 30), \"not lesser thant 30\"                                 ",{}]],"17":[["def modulo_2(itemNo):                                                           ",{}]],"18":[["    assert (itemNo % 2) == 0, \"not divisible by 2\"                              ",{}]],"19":[["                                                                                ",{}]],"20":[["@pytest.mark.parametrize(                                                       ",{}]],"21":[["    ['itemNo', 'assertion_func'],                                               ",{}]],"22":[["    list(itertools.product(                                                     ",{}]],"23":[["        [0, 11, 33],                                                            ",{}]],"24":[["        map(FunctionWrapper, [greater_than_30, lesser_than_30, modulo_2])       ",{}]],"25":[["    ))                                                                          ",{}]],"26":[[")                                                                               ",{}]],"27":[["def test_item_no(itemNo, assertion_func):                                       ",{}]],"28":[["    assertion_func(itemNo)                                                      ",{}]],"29":[["falsetru@ubuntu:/tmp$                                                           ",{}]],"30":[["falsetru@ubuntu:/tmp$                                                           ",{}]],"31":[["falsetru@ubuntu:/tmp$ py.test -v --tb=no test_sample.py                         ",{}]],"32":[["============================= test session starts ==============================",{"bold":true}]],"33":[["platform linux2 -- Python 2.7.5 -- pytest-2.3.5 -- /usr/bin/python              ",{}]],"34":[["collected 9 items ",{"bold":true}],["                                                              ",{}]],"35":[["                                                                                ",{}]],"36":[["test_sample.py:20: test_item_no[0-greater_than_30] ",{}],["FAILED",{"fg":1}],["                       ",{}]],"37":[["test_sample.py:20: test_item_no[0-lesser_than_30] ",{}],["PASSED",{"fg":2}],["                        ",{}]],"38":[["test_sample.py:20: test_item_no[0-modulo_2] ",{}],["PASSED",{"fg":2}],["                              ",{}]],"39":[["test_sample.py:20: test_item_no[11-greater_than_30] ",{}],["FAILED",{"fg":1}],["                      ",{}]],"40":[["test_sample.py:20: test_item_no[11-lesser_than_30] ",{}],["PASSED",{"fg":2}],["                       ",{}]],"41":[["test_sample.py:20: test_item_no[11-modulo_2]                                    ",{}]]},"cursor":{"x":45,"y":41}}],[0.010163,{"lines":{"0":[["    def __init__(self, f):                                                      ",{}]],"1":[["        self.f = f                                                              ",{}]],"2":[["    def __call__(self, *args, **kwargs):                                        ",{}]],"3":[["        return self.f(*args, **kwargs)                                          ",{}]],"4":[["    def __str__(self):                                                          ",{}]],"5":[["        return self.f.__name__                                                  ",{}]],"6":[["                                                                                ",{}]],"7":[["def greater_than_30(itemNo):                                                    ",{}]],"8":[["    assert (itemNo > 30), \"not greater than 30\"                                 ",{}]],"9":[["def lesser_than_30(itemNo):                                                     ",{}]],"10":[["    assert (itemNo < 30), \"not lesser thant 30\"                                 ",{}]],"11":[["def modulo_2(itemNo):                                                           ",{}]],"12":[["    assert (itemNo % 2) == 0, \"not divisible by 2\"                              ",{}]],"13":[["                                                                                ",{}]],"14":[["@pytest.mark.parametrize(                                                       ",{}]],"15":[["    ['itemNo', 'assertion_func'],                                               ",{}]],"16":[["    list(itertools.product(                                                     ",{}]],"17":[["        [0, 11, 33],                                                            ",{}]],"18":[["        map(FunctionWrapper, [greater_than_30, lesser_than_30, modulo_2])       ",{}]],"19":[["    ))                                                                          ",{}]],"20":[[")                                                                               ",{}]],"21":[["def test_item_no(itemNo, assertion_func):                                       ",{}]],"22":[["    assertion_func(itemNo)                                                      ",{}]],"23":[["falsetru@ubuntu:/tmp$                                                           ",{}]],"24":[["falsetru@ubuntu:/tmp$                                                           ",{}]],"25":[["falsetru@ubuntu:/tmp$ py.test -v --tb=no test_sample.py                         ",{}]],"26":[["============================= test session starts ==============================",{"bold":true}]],"27":[["platform linux2 -- Python 2.7.5 -- pytest-2.3.5 -- /usr/bin/python              ",{}]],"28":[["collected 9 items ",{"bold":true}],["                                                              ",{}]],"29":[["                                                                                ",{}]],"30":[["test_sample.py:20: test_item_no[0-greater_than_30] ",{}],["FAILED",{"fg":1}],["                       ",{}]],"31":[["test_sample.py:20: test_item_no[0-lesser_than_30] ",{}],["PASSED",{"fg":2}],["                        ",{}]],"32":[["test_sample.py:20: test_item_no[0-modulo_2] ",{}],["PASSED",{"fg":2}],["                              ",{}]],"33":[["test_sample.py:20: test_item_no[11-greater_than_30] ",{}],["FAILED",{"fg":1}],["                      ",{}]],"34":[["test_sample.py:20: test_item_no[11-lesser_than_30] ",{}],["PASSED",{"fg":2}],["                       ",{}]],"35":[["test_sample.py:20: test_item_no[11-modulo_2] ",{}],["FAILED",{"fg":1}],["                             ",{}]],"36":[["test_sample.py:20: test_item_no[33-greater_than_30] ",{}],["PASSED",{"fg":2}],["                      ",{}]],"37":[["test_sample.py:20: test_item_no[33-lesser_than_30] ",{}],["FAILED",{"fg":1}],["                       ",{}]],"38":[["test_sample.py:20: test_item_no[33-modulo_2] ",{}],["FAILED",{"fg":1}],["                             ",{}]],"39":[["                                                                                ",{}]],"40":[["====================== 5 failed, 4 passed in 0.03 seconds ======================",{"bold":true}]],"41":[["                                                                                ",{}]]},"cursor":{"x":0}}],[0.007731,{"lines":{"41":[["falsetru@ubuntu:/tmp$                                                           ",{}]]},"cursor":{"x":22}}],[1.052999,{"lines":{"0":[["        self.f = f                                                              ",{}]],"1":[["    def __call__(self, *args, **kwargs):                                        ",{}]],"2":[["        return self.f(*args, **kwargs)                                          ",{}]],"3":[["    def __str__(self):                                                          ",{}]],"4":[["        return self.f.__name__                                                  ",{}]],"5":[["                                                                                ",{}]],"6":[["def greater_than_30(itemNo):                                                    ",{}]],"7":[["    assert (itemNo > 30), \"not greater than 30\"                                 ",{}]],"8":[["def lesser_than_30(itemNo):                                                     ",{}]],"9":[["    assert (itemNo < 30), \"not lesser thant 30\"                                 ",{}]],"10":[["def modulo_2(itemNo):                                                           ",{}]],"11":[["    assert (itemNo % 2) == 0, \"not divisible by 2\"                              ",{}]],"12":[["                                                                                ",{}]],"13":[["@pytest.mark.parametrize(                                                       ",{}]],"14":[["    ['itemNo', 'assertion_func'],                                               ",{}]],"15":[["    list(itertools.product(                                                     ",{}]],"16":[["        [0, 11, 33],                                                            ",{}]],"17":[["        map(FunctionWrapper, [greater_than_30, lesser_than_30, modulo_2])       ",{}]],"18":[["    ))                                                                          ",{}]],"19":[[")                                                                               ",{}]],"20":[["def test_item_no(itemNo, assertion_func):                                       ",{}]],"21":[["    assertion_func(itemNo)                                                      ",{}]],"22":[["falsetru@ubuntu:/tmp$                                                           ",{}]],"24":[["falsetru@ubuntu:/tmp$ py.test -v --tb=no test_sample.py                         ",{}]],"25":[["============================= test session starts ==============================",{"bold":true}]],"26":[["platform linux2 -- Python 2.7.5 -- pytest-2.3.5 -- /usr/bin/python              ",{}]],"27":[["collected 9 items ",{"bold":true}],["                                                              ",{}]],"28":[["                                                                                ",{}]],"29":[["test_sample.py:20: test_item_no[0-greater_than_30] ",{}],["FAILED",{"fg":1}],["                       ",{}]],"30":[["test_sample.py:20: test_item_no[0-lesser_than_30] ",{}],["PASSED",{"fg":2}],["                        ",{}]],"31":[["test_sample.py:20: test_item_no[0-modulo_2] ",{}],["PASSED",{"fg":2}],["                              ",{}]],"32":[["test_sample.py:20: test_item_no[11-greater_than_30] ",{}],["FAILED",{"fg":1}],["                      ",{}]],"33":[["test_sample.py:20: test_item_no[11-lesser_than_30] ",{}],["PASSED",{"fg":2}],["                       ",{}]],"34":[["test_sample.py:20: test_item_no[11-modulo_2] ",{}],["FAILED",{"fg":1}],["                             ",{}]],"35":[["test_sample.py:20: test_item_no[33-greater_than_30] ",{}],["PASSED",{"fg":2}],["                      ",{}]],"36":[["test_sample.py:20: test_item_no[33-lesser_than_30] ",{}],["FAILED",{"fg":1}],["                       ",{}]],"37":[["test_sample.py:20: test_item_no[33-modulo_2] ",{}],["FAILED",{"fg":1}],["                             ",{}]],"38":[["                                                                                ",{}]],"39":[["====================== 5 failed, 4 passed in 0.03 seconds ======================",{"bold":true}]],"40":[["falsetru@ubuntu:/tmp$                                                           ",{}]]}}],[0.327681,{"lines":{"0":[["    def __call__(self, *args, **kwargs):                                        ",{}]],"1":[["        return self.f(*args, **kwargs)                                          ",{}]],"2":[["    def __str__(self):                                                          ",{}]],"3":[["        return self.f.__name__                                                  ",{}]],"4":[["                                                                                ",{}]],"5":[["def greater_than_30(itemNo):                                                    ",{}]],"6":[["    assert (itemNo > 30), \"not greater than 30\"                                 ",{}]],"7":[["def lesser_than_30(itemNo):                                                     ",{}]],"8":[["    assert (itemNo < 30), \"not lesser thant 30\"                                 ",{}]],"9":[["def modulo_2(itemNo):                                                           ",{}]],"10":[["    assert (itemNo % 2) == 0, \"not divisible by 2\"                              ",{}]],"11":[["                                                                                ",{}]],"12":[["@pytest.mark.parametrize(                                                       ",{}]],"13":[["    ['itemNo', 'assertion_func'],                                               ",{}]],"14":[["    list(itertools.product(                                                     ",{}]],"15":[["        [0, 11, 33],                                                            ",{}]],"16":[["        map(FunctionWrapper, [greater_than_30, lesser_than_30, modulo_2])       ",{}]],"17":[["    ))                                                                          ",{}]],"18":[[")                                                                               ",{}]],"19":[["def test_item_no(itemNo, assertion_func):                                       ",{}]],"20":[["    assertion_func(itemNo)                                                      ",{}]],"21":[["falsetru@ubuntu:/tmp$                                                           ",{}]],"23":[["falsetru@ubuntu:/tmp$ py.test -v --tb=no test_sample.py                         ",{}]],"24":[["============================= test session starts ==============================",{"bold":true}]],"25":[["platform linux2 -- Python 2.7.5 -- pytest-2.3.5 -- /usr/bin/python              ",{}]],"26":[["collected 9 items ",{"bold":true}],["                                                              ",{}]],"27":[["                                                                                ",{}]],"28":[["test_sample.py:20: test_item_no[0-greater_than_30] ",{}],["FAILED",{"fg":1}],["                       ",{}]],"29":[["test_sample.py:20: test_item_no[0-lesser_than_30] ",{}],["PASSED",{"fg":2}],["                        ",{}]],"30":[["test_sample.py:20: test_item_no[0-modulo_2] ",{}],["PASSED",{"fg":2}],["                              ",{}]],"31":[["test_sample.py:20: test_item_no[11-greater_than_30] ",{}],["FAILED",{"fg":1}],["                      ",{}]],"32":[["test_sample.py:20: test_item_no[11-lesser_than_30] ",{}],["PASSED",{"fg":2}],["                       ",{}]],"33":[["test_sample.py:20: test_item_no[11-modulo_2] ",{}],["FAILED",{"fg":1}],["                             ",{}]],"34":[["test_sample.py:20: test_item_no[33-greater_than_30] ",{}],["PASSED",{"fg":2}],["                      ",{}]],"35":[["test_sample.py:20: test_item_no[33-lesser_than_30] ",{}],["FAILED",{"fg":1}],["                       ",{}]],"36":[["test_sample.py:20: test_item_no[33-modulo_2] ",{}],["FAILED",{"fg":1}],["                             ",{}]],"37":[["                                                                                ",{}]],"38":[["====================== 5 failed, 4 passed in 0.03 seconds ======================",{"bold":true}]],"39":[["falsetru@ubuntu:/tmp$                                                           ",{}]]}}],[2.999807,{"lines":{"0":[["        return self.f(*args, **kwargs)                                          ",{}]],"1":[["    def __str__(self):                                                          ",{}]],"2":[["        return self.f.__name__                                                  ",{}]],"3":[["                                                                                ",{}]],"4":[["def greater_than_30(itemNo):                                                    ",{}]],"5":[["    assert (itemNo > 30), \"not greater than 30\"                                 ",{}]],"6":[["def lesser_than_30(itemNo):                                                     ",{}]],"7":[["    assert (itemNo < 30), \"not lesser thant 30\"                                 ",{}]],"8":[["def modulo_2(itemNo):                                                           ",{}]],"9":[["    assert (itemNo % 2) == 0, \"not divisible by 2\"                              ",{}]],"10":[["                                                                                ",{}]],"11":[["@pytest.mark.parametrize(                                                       ",{}]],"12":[["    ['itemNo', 'assertion_func'],                                               ",{}]],"13":[["    list(itertools.product(                                                     ",{}]],"14":[["        [0, 11, 33],                                                            ",{}]],"15":[["        map(FunctionWrapper, [greater_than_30, lesser_than_30, modulo_2])       ",{}]],"16":[["    ))                                                                          ",{}]],"17":[[")                                                                               ",{}]],"18":[["def test_item_no(itemNo, assertion_func):                                       ",{}]],"19":[["    assertion_func(itemNo)                                                      ",{}]],"20":[["falsetru@ubuntu:/tmp$                                                           ",{}]],"22":[["falsetru@ubuntu:/tmp$ py.test -v --tb=no test_sample.py                         ",{}]],"23":[["============================= test session starts ==============================",{"bold":true}]],"24":[["platform linux2 -- Python 2.7.5 -- pytest-2.3.5 -- /usr/bin/python              ",{}]],"25":[["collected 9 items ",{"bold":true}],["                                                              ",{}]],"26":[["                                                                                ",{}]],"27":[["test_sample.py:20: test_item_no[0-greater_than_30] ",{}],["FAILED",{"fg":1}],["                       ",{}]],"28":[["test_sample.py:20: test_item_no[0-lesser_than_30] ",{}],["PASSED",{"fg":2}],["                        ",{}]],"29":[["test_sample.py:20: test_item_no[0-modulo_2] ",{}],["PASSED",{"fg":2}],["                              ",{}]],"30":[["test_sample.py:20: test_item_no[11-greater_than_30] ",{}],["FAILED",{"fg":1}],["                      ",{}]],"31":[["test_sample.py:20: test_item_no[11-lesser_than_30] ",{}],["PASSED",{"fg":2}],["                       ",{}]],"32":[["test_sample.py:20: test_item_no[11-modulo_2] ",{}],["FAILED",{"fg":1}],["                             ",{}]],"33":[["test_sample.py:20: test_item_no[33-greater_than_30] ",{}],["PASSED",{"fg":2}],["                      ",{}]],"34":[["test_sample.py:20: test_item_no[33-lesser_than_30] ",{}],["FAILED",{"fg":1}],["                       ",{}]],"35":[["test_sample.py:20: test_item_no[33-modulo_2] ",{}],["FAILED",{"fg":1}],["                             ",{}]],"36":[["                                                                                ",{}]],"37":[["====================== 5 failed, 4 passed in 0.03 seconds ======================",{"bold":true}]],"38":[["falsetru@ubuntu:/tmp$                                                           ",{}]]}}],[0.14441,{"lines":{"0":[["    def __str__(self):                                                          ",{}]],"1":[["        return self.f.__name__                                                  ",{}]],"2":[["                                                                                ",{}]],"3":[["def greater_than_30(itemNo):                                                    ",{}]],"4":[["    assert (itemNo > 30), \"not greater than 30\"                                 ",{}]],"5":[["def lesser_than_30(itemNo):                                                     ",{}]],"6":[["    assert (itemNo < 30), \"not lesser thant 30\"                                 ",{}]],"7":[["def modulo_2(itemNo):                                                           ",{}]],"8":[["    assert (itemNo % 2) == 0, \"not divisible by 2\"                              ",{}]],"9":[["                                                                                ",{}]],"10":[["@pytest.mark.parametrize(                                                       ",{}]],"11":[["    ['itemNo', 'assertion_func'],                                               ",{}]],"12":[["    list(itertools.product(                                                     ",{}]],"13":[["        [0, 11, 33],                                                            ",{}]],"14":[["        map(FunctionWrapper, [greater_than_30, lesser_than_30, modulo_2])       ",{}]],"15":[["    ))                                                                          ",{}]],"16":[[")                                                                               ",{}]],"17":[["def test_item_no(itemNo, assertion_func):                                       ",{}]],"18":[["    assertion_func(itemNo)                                                      ",{}]],"19":[["falsetru@ubuntu:/tmp$                                                           ",{}]],"21":[["falsetru@ubuntu:/tmp$ py.test -v --tb=no test_sample.py                         ",{}]],"22":[["============================= test session starts ==============================",{"bold":true}]],"23":[["platform linux2 -- Python 2.7.5 -- pytest-2.3.5 -- /usr/bin/python              ",{}]],"24":[["collected 9 items ",{"bold":true}],["                                                              ",{}]],"25":[["                                                                                ",{}]],"26":[["test_sample.py:20: test_item_no[0-greater_than_30] ",{}],["FAILED",{"fg":1}],["                       ",{}]],"27":[["test_sample.py:20: test_item_no[0-lesser_than_30] ",{}],["PASSED",{"fg":2}],["                        ",{}]],"28":[["test_sample.py:20: test_item_no[0-modulo_2] ",{}],["PASSED",{"fg":2}],["                              ",{}]],"29":[["test_sample.py:20: test_item_no[11-greater_than_30] ",{}],["FAILED",{"fg":1}],["                      ",{}]],"30":[["test_sample.py:20: test_item_no[11-lesser_than_30] ",{}],["PASSED",{"fg":2}],["                       ",{}]],"31":[["test_sample.py:20: test_item_no[11-modulo_2] ",{}],["FAILED",{"fg":1}],["                             ",{}]],"32":[["test_sample.py:20: test_item_no[33-greater_than_30] ",{}],["PASSED",{"fg":2}],["                      ",{}]],"33":[["test_sample.py:20: test_item_no[33-lesser_than_30] ",{}],["FAILED",{"fg":1}],["                       ",{}]],"34":[["test_sample.py:20: test_item_no[33-modulo_2] ",{}],["FAILED",{"fg":1}],["                             ",{}]],"35":[["                                                                                ",{}]],"36":[["====================== 5 failed, 4 passed in 0.03 seconds ======================",{"bold":true}]],"37":[["falsetru@ubuntu:/tmp$                                                           ",{}]]}}],[0.143377,{"lines":{"0":[["        return self.f.__name__                                                  ",{}]],"1":[["                                                                                ",{}]],"2":[["def greater_than_30(itemNo):                                                    ",{}]],"3":[["    assert (itemNo > 30), \"not greater than 30\"                                 ",{}]],"4":[["def lesser_than_30(itemNo):                                                     ",{}]],"5":[["    assert (itemNo < 30), \"not lesser thant 30\"                                 ",{}]],"6":[["def modulo_2(itemNo):                                                           ",{}]],"7":[["    assert (itemNo % 2) == 0, \"not divisible by 2\"                              ",{}]],"8":[["                                                                                ",{}]],"9":[["@pytest.mark.parametrize(                                                       ",{}]],"10":[["    ['itemNo', 'assertion_func'],                                               ",{}]],"11":[["    list(itertools.product(                                                     ",{}]],"12":[["        [0, 11, 33],                                                            ",{}]],"13":[["        map(FunctionWrapper, [greater_than_30, lesser_than_30, modulo_2])       ",{}]],"14":[["    ))                                                                          ",{}]],"15":[[")                                                                               ",{}]],"16":[["def test_item_no(itemNo, assertion_func):                                       ",{}]],"17":[["    assertion_func(itemNo)                                                      ",{}]],"18":[["falsetru@ubuntu:/tmp$                                                           ",{}]],"20":[["falsetru@ubuntu:/tmp$ py.test -v --tb=no test_sample.py                         ",{}]],"21":[["============================= test session starts ==============================",{"bold":true}]],"22":[["platform linux2 -- Python 2.7.5 -- pytest-2.3.5 -- /usr/bin/python              ",{}]],"23":[["collected 9 items ",{"bold":true}],["                                                              ",{}]],"24":[["                                                                                ",{}]],"25":[["test_sample.py:20: test_item_no[0-greater_than_30] ",{}],["FAILED",{"fg":1}],["                       ",{}]],"26":[["test_sample.py:20: test_item_no[0-lesser_than_30] ",{}],["PASSED",{"fg":2}],["                        ",{}]],"27":[["test_sample.py:20: test_item_no[0-modulo_2] ",{}],["PASSED",{"fg":2}],["                              ",{}]],"28":[["test_sample.py:20: test_item_no[11-greater_than_30] ",{}],["FAILED",{"fg":1}],["                      ",{}]],"29":[["test_sample.py:20: test_item_no[11-lesser_than_30] ",{}],["PASSED",{"fg":2}],["                       ",{}]],"30":[["test_sample.py:20: test_item_no[11-modulo_2] ",{}],["FAILED",{"fg":1}],["                             ",{}]],"31":[["test_sample.py:20: test_item_no[33-greater_than_30] ",{}],["PASSED",{"fg":2}],["                      ",{}]],"32":[["test_sample.py:20: test_item_no[33-lesser_than_30] ",{}],["FAILED",{"fg":1}],["                       ",{}]],"33":[["test_sample.py:20: test_item_no[33-modulo_2] ",{}],["FAILED",{"fg":1}],["                             ",{}]],"34":[["                                                                                ",{}]],"35":[["====================== 5 failed, 4 passed in 0.03 seconds ======================",{"bold":true}]],"36":[["falsetru@ubuntu:/tmp$                                                           ",{}]]}}],[0.33564,{"lines":{"41":[["falsetru@ubuntu:/tmp$ v                                                         ",{}]]},"cursor":{"x":23}}],[0.080757,{"lines":{"41":[["falsetru@ubuntu:/tmp$ vi                                                        ",{}]]},"cursor":{"x":24}}],[0.079938,{"cursor":{"x":25}}],[0.7117329999999999,{"lines":{"41":[["falsetru@ubuntu:/tmp$ vi t                                                      ",{}]]},"cursor":{"x":26}}],[0.063948,{"lines":{"41":[["falsetru@ubuntu:/tmp$ vi te                                                     ",{}]]},"cursor":{"x":27}}],[0.112267,{"lines":{"41":[["falsetru@ubuntu:/tmp$ vi tes                                                    ",{}]]},"cursor":{"x":28}}],[0.071724,{"lines":{"41":[["falsetru@ubuntu:/tmp$ vi test                                                   ",{}]]},"cursor":{"x":29}}],[0.136328,{"lines":{"41":[["falsetru@ubuntu:/tmp$ vi test_                                                  ",{}]]},"cursor":{"x":30}}],[0.161384,{"lines":{"41":[["falsetru@ubuntu:/tmp$ vi test_s                                                 ",{}]]},"cursor":{"x":31}}],[0.038623,{"lines":{"41":[["falsetru@ubuntu:/tmp$ vi test_sa                                                ",{}]]},"cursor":{"x":32}}],[0.063458,{"lines":{"41":[["falsetru@ubuntu:/tmp$ vi test_sam                                               ",{}]]},"cursor":{"x":33}}],[0.07176399999999999,{"lines":{"41":[["falsetru@ubuntu:/tmp$ vi test_samp                                              ",{}]]},"cursor":{"x":34}}],[0.116739,{"lines":{"41":[["falsetru@ubuntu:/tmp$ vi test_sample.py                                         ",{}]]},"cursor":{"x":40}}],[0.371611,{"lines":{"0":[["                                                                                ",{}]],"1":[["def greater_than_30(itemNo):                                                    ",{}]],"2":[["    assert (itemNo > 30), \"not greater than 30\"                                 ",{}]],"3":[["def lesser_than_30(itemNo):                                                     ",{}]],"4":[["    assert (itemNo < 30), \"not lesser thant 30\"                                 ",{}]],"5":[["def modulo_2(itemNo):                                                           ",{}]],"6":[["    assert (itemNo % 2) == 0, \"not divisible by 2\"                              ",{}]],"7":[["                                                                                ",{}]],"8":[["@pytest.mark.parametrize(                                                       ",{}]],"9":[["    ['itemNo', 'assertion_func'],                                               ",{}]],"10":[["    list(itertools.product(                                                     ",{}]],"11":[["        [0, 11, 33],                                                            ",{}]],"12":[["        map(FunctionWrapper, [greater_than_30, lesser_than_30, modulo_2])       ",{}]],"13":[["    ))                                                                          ",{}]],"14":[[")                                                                               ",{}]],"15":[["def test_item_no(itemNo, assertion_func):                                       ",{}]],"16":[["    assertion_func(itemNo)                                                      ",{}]],"17":[["falsetru@ubuntu:/tmp$                                                           ",{}]],"19":[["falsetru@ubuntu:/tmp$ py.test -v --tb=no test_sample.py                         ",{}]],"20":[["============================= test session starts ==============================",{"bold":true}]],"21":[["platform linux2 -- Python 2.7.5 -- pytest-2.3.5 -- /usr/bin/python              ",{}]],"22":[["collected 9 items ",{"bold":true}],["                                                              ",{}]],"23":[["                                                                                ",{}]],"24":[["test_sample.py:20: test_item_no[0-greater_than_30] ",{}],["FAILED",{"fg":1}],["                       ",{}]],"25":[["test_sample.py:20: test_item_no[0-lesser_than_30] ",{}],["PASSED",{"fg":2}],["                        ",{}]],"26":[["test_sample.py:20: test_item_no[0-modulo_2] ",{}],["PASSED",{"fg":2}],["                              ",{}]],"27":[["test_sample.py:20: test_item_no[11-greater_than_30] ",{}],["FAILED",{"fg":1}],["                      ",{}]],"28":[["test_sample.py:20: test_item_no[11-lesser_than_30] ",{}],["PASSED",{"fg":2}],["                       ",{}]],"29":[["test_sample.py:20: test_item_no[11-modulo_2] ",{}],["FAILED",{"fg":1}],["                             ",{}]],"30":[["test_sample.py:20: test_item_no[33-greater_than_30] ",{}],["PASSED",{"fg":2}],["                      ",{}]],"31":[["test_sample.py:20: test_item_no[33-lesser_than_30] ",{}],["FAILED",{"fg":1}],["                       ",{}]],"32":[["test_sample.py:20: test_item_no[33-modulo_2] ",{}],["FAILED",{"fg":1}],["                             ",{}]],"33":[["                                                                                ",{}]],"34":[["====================== 5 failed, 4 passed in 0.03 seconds ======================",{"bold":true}]],"35":[["falsetru@ubuntu:/tmp$                                                           ",{}]],"40":[["falsetru@ubuntu:/tmp$ vi test_sample.py                                         ",{}]],"41":[["                                                                                ",{}]]},"cursor":{"x":0}}],[0.107651,{"lines":{"1":[["â–½                                                                               ",{}]],"2":[["                                                                                ",{}]],"3":[["                                                                                ",{}]],"4":[["                                                                                ",{}]],"5":[["                                                                                ",{}]],"6":[["                                                                                ",{}]],"8":[["                                                                                ",{}]],"9":[["                                                                                ",{}]],"10":[["                                                                                ",{}]],"11":[["                                                                                ",{}]],"12":[["                                                                                ",{}]],"13":[["                                                                                ",{}]],"14":[["                                                                                ",{}]],"15":[["                                                                                ",{}]],"16":[["                                                                                ",{}]],"17":[["                                                                                ",{}]],"18":[["                                                                                ",{}]],"19":[["                                                                                ",{}]],"20":[["                                                                                ",{}]],"21":[["                                                                                ",{}]],"22":[["                                                                                ",{}]],"24":[["                                                                                ",{}]],"25":[["                                                                                ",{}]],"26":[["                                                                                ",{}]],"27":[["                                                                                ",{}]],"28":[["                                                                                ",{}]],"29":[["                                                                                ",{}]],"30":[["                                                                                ",{}]],"31":[["                                                                                ",{}]],"32":[["                                                                                ",{}]],"34":[["                                                                                ",{}]],"35":[["                                                                                ",{}]],"36":[["                                                                                ",{}]],"37":[["                                                                                ",{}]],"38":[["                                                                                ",{}]],"39":[["                                                                                ",{}]],"40":[["                                                                                ",{}]]},"cursor":{"y":0}}],[0.006662,{"lines":{"0":[["import",{"fg":9,"bg":8}],[" itertools                                                                ",{"fg":12,"bg":8}]],"1":[["                                                                                ",{"fg":12,"bg":8}]],"2":[["import",{"fg":9,"bg":8}],[" pytest                                                                   ",{"fg":12,"bg":8}]],"3":[["                                                                                ",{"fg":12,"bg":8}]],"4":[["class",{"fg":2,"bg":8}],[" ",{"fg":12,"bg":8}],["FunctionWrapper",{"fg":4,"bg":8}],["(",{"fg":12,"bg":8}],["str",{"fg":4,"bg":8}],["):                                                     ",{"fg":12,"bg":8}]],"5":[["    ",{"fg":12,"bg":8}],["def",{"fg":2,"bg":8}],[" ",{"fg":12,"bg":8}],["__init__",{"fg":4,"bg":8}],["(self, f):                                                      ",{"fg":12,"bg":8}]],"6":[["        self.f = f                                                              ",{"fg":12,"bg":8}]],"7":[["    ",{"fg":12,"bg":8}],["def",{"fg":2,"bg":8}],[" ",{"fg":12,"bg":8}],["__call__",{"fg":4,"bg":8}],["(self, *args, **kwargs):                                        ",{"fg":12,"bg":8}]],"8":[["        ",{"fg":12,"bg":8}],["return",{"fg":2,"bg":8}],[" self.f(*args, **kwargs)                                          ",{"fg":12,"bg":8}]],"9":[["    ",{"fg":12,"bg":8}],["def",{"fg":2,"bg":8}],[" ",{"fg":12,"bg":8}],["__str__",{"fg":4,"bg":8}],["(self):                                                          ",{"fg":12,"bg":8}]],"10":[["        ",{"fg":12,"bg":8}],["return",{"fg":2,"bg":8}],[" self.f.__name__                                                  ",{"fg":12,"bg":8}]],"11":[["                                                                                ",{"fg":12,"bg":8}]],"12":[["def",{"fg":2,"bg":8}],[" ",{"fg":12,"bg":8}],["greater_than_30",{"fg":4,"bg":8}],["(itemNo):                                                    ",{"fg":12,"bg":8}]],"13":[["    ",{"fg":12,"bg":8}],["assert",{"fg":2,"bg":8}],[" (itemNo > ",{"fg":12,"bg":8}],["30",{"fg":6,"bg":8}],["), ",{"fg":12,"bg":8}],["\"not greater than 30\"",{"fg":6,"bg":8}],["                                 ",{"fg":12,"bg":8}]],"14":[["def",{"fg":2,"bg":8}],[" ",{"fg":12,"bg":8}],["lesser_than_30",{"fg":4,"bg":8}],["(itemNo):                                                     ",{"fg":12,"bg":8}]],"15":[["    ",{"fg":12,"bg":8}],["assert",{"fg":2,"bg":8}],[" (itemNo < ",{"fg":12,"bg":8}],["30",{"fg":6,"bg":8}],["), ",{"fg":12,"bg":8}],["\"not lesser thant 30\"",{"fg":6,"bg":8}],["                                 ",{"fg":12,"bg":8}]],"16":[["def",{"fg":2,"bg":8}],[" ",{"fg":12,"bg":8}],["modulo_2",{"fg":4,"bg":8}],["(itemNo):                                                           ",{"fg":12,"bg":8}]],"17":[["    ",{"fg":12,"bg":8}],["assert",{"fg":2,"bg":8}],[" (itemNo % ",{"fg":12,"bg":8}],["2",{"fg":6,"bg":8}],[") == ",{"fg":12,"bg":8}],["0",{"fg":6,"bg":8}],[", ",{"fg":12,"bg":8}],["\"not divisible by 2\"",{"fg":6,"bg":8}],["                              ",{"fg":12,"bg":8}]],"18":[["                                                                                ",{"fg":12,"bg":8}]],"19":[["@",{"fg":9,"bg":8}],["pytest.mark.parametrize",{"fg":4,"bg":8}],["(                                                       ",{"fg":12,"bg":8}]],"20":[["    [",{"fg":12,"bg":8}],["'itemNo'",{"fg":6,"bg":8}],[", ",{"fg":12,"bg":8}],["'assertion_func'",{"fg":6,"bg":8}],["],                                               ",{"fg":12,"bg":8}]],"21":[["    ",{"fg":12,"bg":8}],["list",{"fg":4,"bg":8}],["(itertools.product(                                                     ",{"fg":12,"bg":8}]],"22":[["        [",{"fg":12,"bg":8}],["0",{"fg":6,"bg":8}],[", ",{"fg":12,"bg":8}],["11",{"fg":6,"bg":8}],[", ",{"fg":12,"bg":8}],["33",{"fg":6,"bg":8}],["],                                                            ",{"fg":12,"bg":8}]],"23":[["        ",{"fg":12,"bg":8}],["map",{"fg":4,"bg":8}],["(FunctionWrapper, [greater_than_30, lesser_than_30, modulo_2])       ",{"fg":12,"bg":8}]],"24":[["    ))                                                                          ",{"fg":12,"bg":8}]],"25":[[")                                                                               ",{"fg":12,"bg":8}]],"26":[["def",{"fg":2,"bg":8}],[" ",{"fg":12,"bg":8}],["test_item_no",{"fg":4,"bg":8}],["(itemNo, assertion_func):                                       ",{"fg":12,"bg":8}]],"27":[["    assertion_func(itemNo)                                                      ",{"fg":12,"bg":8}]],"28":[["~                                                                               ",{"fg":11,"bg":8,"bold":true}]],"29":[["~                                                                               ",{"fg":11,"bg":8,"bold":true}]],"30":[["~                                                                               ",{"fg":11,"bg":8,"bold":true}]],"31":[["~                                                                               ",{"fg":11,"bg":8,"bold":true}]],"32":[["~                                                                               ",{"fg":11,"bg":8,"bold":true}]],"33":[["~                                                                               ",{"fg":11,"bg":8,"bold":true}]],"34":[["~                                                                               ",{"fg":11,"bg":8,"bold":true}]],"35":[["~                                                                               ",{"fg":11,"bg":8,"bold":true}]],"36":[["~                                                                               ",{"fg":11,"bg":8,"bold":true}]],"37":[["~                                                                               ",{"fg":11,"bg":8,"bold":true}]],"38":[["~                                                                               ",{"fg":11,"bg":8,"bold":true}]],"39":[["~                                                                               ",{"fg":11,"bg":8,"bold":true}]],"40":[["~                                                                               ",{"fg":11,"bg":8,"bold":true}]],"41":[["\"test_sample.py\" 28L, 730C                                    1,1           All ",{"fg":12,"bg":8}]]}}],[0.406255,{"lines":{"41":[["\"test_sample.py\" 28L, 730C                          j         1,1           All ",{"fg":12,"bg":8}]]},"cursor":{"visible":false}}],[0.000641,{"lines":{"41":[["\"test_sample.py\" 28L, 730C                                    2,0-1         All ",{"fg":12,"bg":8}]]},"cursor":{"y":1,"visible":true}}],[0.49866,{"lines":{"41":[["\"test_sample.py\" 28L, 730C                          j         2,0-1         All ",{"fg":12,"bg":8}]]},"cursor":{"visible":false}}],[0.000372,{"lines":{"41":[["\"test_sample.py\" 28L, 730C                                    3,1           All ",{"fg":12,"bg":8}]]},"cursor":{"y":2,"visible":true}}],[0.032595,{"lines":{"41":[["\"test_sample.py\" 28L, 730C                          j         3,1           All ",{"fg":12,"bg":8}]]},"cursor":{"visible":false}}],[0.000398,{"lines":{"41":[["\"test_sample.py\" 28L, 730C                                    4,0-1         All ",{"fg":12,"bg":8}]]},"cursor":{"y":3,"visible":true}}],[0.032803,{"lines":{"41":[["\"test_sample.py\" 28L, 730C                          j         4,0-1         All ",{"fg":12,"bg":8}]]},"cursor":{"visible":false}}],[0.000438,{"lines":{"41":[["\"test_sample.py\" 28L, 730C                                    5,1           All ",{"fg":12,"bg":8}]]},"cursor":{"y":4,"visible":true}}],[0.032638,{"lines":{"41":[["\"test_sample.py\" 28L, 730C                          j         5,1           All ",{"fg":12,"bg":8}]]},"cursor":{"visible":false}}],[0.00065,{"lines":{"41":[["\"test_sample.py\" 28L, 730C                                    6,1           All ",{"fg":12,"bg":8}]]},"cursor":{"y":5,"visible":true}}],[0.032785,{"lines":{"41":[["\"test_sample.py\" 28L, 730C                          j         6,1           All ",{"fg":12,"bg":8}]]},"cursor":{"visible":false}}],[0.000382,{"lines":{"41":[["\"test_sample.py\" 28L, 730C                                    7,1           All ",{"fg":12,"bg":8}]]},"cursor":{"y":6,"visible":true}}],[0.03278,{"lines":{"41":[["\"test_sample.py\" 28L, 730C                          j         7,1           All ",{"fg":12,"bg":8}]]},"cursor":{"visible":false}}],[0.000438,{"lines":{"41":[["\"test_sample.py\" 28L, 730C                                    8,1           All ",{"fg":12,"bg":8}]]},"cursor":{"y":7,"visible":true}}],[0.031989,{"lines":{"41":[["\"test_sample.py\" 28L, 730C                          j         8,1           All ",{"fg":12,"bg":8}]]},"cursor":{"visible":false}}],[0.000301,{"lines":{"41":[["\"test_sample.py\" 28L, 730C                                    9,1           All ",{"fg":12,"bg":8}]]},"cursor":{"y":8,"visible":true}}],[0.032891,{"lines":{"41":[["\"test_sample.py\" 28L, 730C                          j         9,1           All ",{"fg":12,"bg":8}]]},"cursor":{"visible":false}}],[0.000733,{"lines":{"41":[["\"test_sample.py\" 28L, 730C                                    10,1          All ",{"fg":12,"bg":8}]]},"cursor":{"y":9,"visible":true}}],[0.031595,{"lines":{"41":[["\"test_sample.py\" 28L, 730C                          j         10,1          All ",{"fg":12,"bg":8}]]},"cursor":{"visible":false}}],[0.000508,{"lines":{"41":[["\"test_sample.py\" 28L, 730C                                    11,1          All ",{"fg":12,"bg":8}]]},"cursor":{"y":10,"visible":true}}],[0.032464,{"lines":{"41":[["\"test_sample.py\" 28L, 730C                          j         11,1          All ",{"fg":12,"bg":8}]]},"cursor":{"visible":false}}],[0.000541,{"lines":{"41":[["\"test_sample.py\" 28L, 730C                                    12,0-1        All ",{"fg":12,"bg":8}]]},"cursor":{"y":11,"visible":true}}],[0.03567,{"lines":{"41":[["\"test_sample.py\" 28L, 730C                          j         12,0-1        All ",{"fg":12,"bg":8}]]},"cursor":{"visible":false}}],[0.00034,{"lines":{"41":[["\"test_sample.py\" 28L, 730C                                    13,1          All ",{"fg":12,"bg":8}]]},"cursor":{"y":12,"visible":true}}],[0.030139,{"lines":{"41":[["\"test_sample.py\" 28L, 730C                          j         13,1          All ",{"fg":12,"bg":8}]]},"cursor":{"visible":false}}],[0.000897,{"lines":{"41":[["\"test_sample.py\" 28L, 730C                                    14,1          All ",{"fg":12,"bg":8}]]},"cursor":{"y":13,"visible":true}}],[0.032013,{"lines":{"41":[["\"test_sample.py\" 28L, 730C                          j         14,1          All ",{"fg":12,"bg":8}]]},"cursor":{"visible":false}}],[0.000355,{"lines":{"41":[["\"test_sample.py\" 28L, 730C                                    15,1          All ",{"fg":12,"bg":8}]]},"cursor":{"y":14,"visible":true}}],[0.032035,{"lines":{"41":[["\"test_sample.py\" 28L, 730C                          j         15,1          All ",{"fg":12,"bg":8}]]},"cursor":{"visible":false}}],[0.000358,{"lines":{"41":[["\"test_sample.py\" 28L, 730C                                    16,1          All ",{"fg":12,"bg":8}]]},"cursor":{"y":15,"visible":true}}],[0.032591,{"lines":{"41":[["\"test_sample.py\" 28L, 730C                          j         16,1          All ",{"fg":12,"bg":8}]]},"cursor":{"visible":false}}],[0.000392,{"lines":{"41":[["\"test_sample.py\" 28L, 730C                                    17,1          All ",{"fg":12,"bg":8}]]},"cursor":{"y":16,"visible":true}}],[0.033483,{"lines":{"41":[["\"test_sample.py\" 28L, 730C                          j         17,1          All ",{"fg":12,"bg":8}]]},"cursor":{"visible":false}}],[0.00044,{"lines":{"41":[["\"test_sample.py\" 28L, 730C                                    18,1          All ",{"fg":12,"bg":8}]]},"cursor":{"y":17,"visible":true}}],[0.0318,{"lines":{"41":[["\"test_sample.py\" 28L, 730C                          j         18,1          All ",{"fg":12,"bg":8}]]},"cursor":{"visible":false}}],[0.000509,{"lines":{"41":[["\"test_sample.py\" 28L, 730C                                    19,0-1        All ",{"fg":12,"bg":8}]]},"cursor":{"y":18,"visible":true}}],[0.033272,{"lines":{"41":[["\"test_sample.py\" 28L, 730C                          j         19,0-1        All ",{"fg":12,"bg":8}]]},"cursor":{"visible":false}}],[0.000303,{"lines":{"41":[["\"test_sample.py\" 28L, 730C                                    20,1          All ",{"fg":12,"bg":8}]]},"cursor":{"y":19,"visible":true}}],[0.031921,{"lines":{"41":[["\"test_sample.py\" 28L, 730C                          j         20,1          All ",{"fg":12,"bg":8}]]},"cursor":{"visible":false}}],[0.000365,{"lines":{"41":[["\"test_sample.py\" 28L, 730C                                    21,1          All ",{"fg":12,"bg":8}]]},"cursor":{"y":20,"visible":true}}],[0.033255,{"lines":{"41":[["\"test_sample.py\" 28L, 730C                          j         21,1          All ",{"fg":12,"bg":8}]]},"cursor":{"visible":false}}],[0.000482,{"lines":{"41":[["\"test_sample.py\" 28L, 730C                                    22,1          All ",{"fg":12,"bg":8}]]},"cursor":{"y":21,"visible":true}}],[0.032639,{"lines":{"41":[["\"test_sample.py\" 28L, 730C                          j         22,1          All ",{"fg":12,"bg":8}]]},"cursor":{"visible":false}}],[0.000298,{"lines":{"41":[["\"test_sample.py\" 28L, 730C                                    23,1          All ",{"fg":12,"bg":8}]]},"cursor":{"y":22,"visible":true}}],[0.032011,{"lines":{"41":[["\"test_sample.py\" 28L, 730C                          j         23,1          All ",{"fg":12,"bg":8}]]},"cursor":{"visible":false}}],[0.000315,{"lines":{"41":[["\"test_sample.py\" 28L, 730C                                    24,1          All ",{"fg":12,"bg":8}]]},"cursor":{"y":23,"visible":true}}],[0.032504,{"lines":{"41":[["\"test_sample.py\" 28L, 730C                          j         24,1          All ",{"fg":12,"bg":8}]]},"cursor":{"visible":false}}],[0.000338,{"lines":{"41":[["\"test_sample.py\" 28L, 730C                                    25,1          All ",{"fg":12,"bg":8}]]},"cursor":{"y":24,"visible":true}}],[0.318439,{"lines":{"41":[["\"test_sample.py\" 28L, 730C                          k         25,1          All ",{"fg":12,"bg":8}]]},"cursor":{"visible":false}}],[0.000388,{"lines":{"41":[["\"test_sample.py\" 28L, 730C                                    24,1          All ",{"fg":12,"bg":8}]]},"cursor":{"y":23,"visible":true}}],[0.199762,{"lines":{"41":[["\"test_sample.py\" 28L, 730C                          w         24,1          All ",{"fg":12,"bg":8}]]},"cursor":{"visible":false}}],[0.00037,{"lines":{"41":[["\"test_sample.py\" 28L, 730C                                    24,9          All ",{"fg":12,"bg":8}]]},"cursor":{"x":8,"visible":true}}],[0.166872,{"lines":{"41":[["\"test_sample.py\" 28L, 730C                          w         24,9          All ",{"fg":12,"bg":8}]]},"cursor":{"visible":false}}],[0.004561,{"lines":{"23":[["        ",{"fg":12,"bg":8}],["map",{"fg":4,"bg":8}],["(",{"fg":1,"bg":10,"bold":true}],["FunctionWrapper, [greater_than_30, lesser_than_30, modulo_2]",{"fg":12,"bg":8}],[")",{"fg":1,"bg":10,"bold":true}],["       ",{"fg":12,"bg":8}]],"41":[["\"test_sample.py\" 28L, 730C                                    24,12         All ",{"fg":12,"bg":8}]]},"cursor":{"x":11,"visible":true}}],[0.2757,{"lines":{"41":[["\"test_sample.py\" 28L, 730C                          h         24,12         All ",{"fg":12,"bg":8}]]},"cursor":{"visible":false}}],[0.002999,{"lines":{"23":[["        ",{"fg":12,"bg":8}],["map",{"fg":4,"bg":8}],["(FunctionWrapper, [greater_than_30, lesser_than_30, modulo_2])       ",{"fg":12,"bg":8}]],"41":[["\"test_sample.py\" 28L, 730C                                    24,11         All ",{"fg":12,"bg":8}]]},"cursor":{"x":10,"visible":true}}],[0.044733,{"lines":{"41":[["\"test_sample.py\" 28L, 730C                          b         24,11         All ",{"fg":12,"bg":8}]]},"cursor":{"visible":false}}],[0.000785,{"lines":{"41":[["\"test_sample.py\" 28L, 730C                                    24,9          All ",{"fg":12,"bg":8}]]},"cursor":{"x":8,"visible":true}}],[1.207374,{"lines":{"41":[["\"test_sample.py\" 28L, 730C                          d         24,9          All ",{"fg":12,"bg":8}]]}}],[0.216785,{"lines":{"41":[["\"test_sample.py\" 28L, 730C                          dt        24,9          All ",{"fg":12,"bg":8}]]}}],[0.071293,{"lines":{"41":[["\"test_sample.py\" 28L, 730C                          dt]       24,9          All ",{"fg":12,"bg":8}]]},"cursor":{"visible":false}}],[0.003826,{"lines":{"23":[["        ])                                                                      ",{"fg":12,"bg":8}]],"41":[["\"test_sample.py\" 28L, 730C                                    24,9          All ",{"fg":12,"bg":8}]]},"cursor":{"visible":true}}],[0.636697,{"lines":{"41":[["\"test_sample.py\" 28L, 730C                          ^[        24,9          All ",{"fg":12,"bg":8}]]}}],[0.055582,{"lines":{"41":[["\"test_sample.py\" 28L, 730C                          u         24,9          All ",{"fg":12,"bg":8}]]},"cursor":{"visible":false}}],[0.001504,{"lines":{"23":[["        ",{"fg":12,"bg":8}],["map",{"fg":4,"bg":8}],["(FunctionWrapper, [greater_than_30, lesser_than_30, modulo_2])       ",{"fg":12,"bg":8}]],"41":[["1 change; before #1  1 seconds ago                            24,9          All ",{"fg":12,"bg":8}]]},"cursor":{"visible":true}}],[0.389437,{"lines":{"41":[["1 change; before #1  1 seconds ago                  d         24,9          All ",{"fg":12,"bg":8}]]}}],[0.169151,{"lines":{"41":[["1 change; before #1  1 seconds ago                  dt        24,9          All ",{"fg":12,"bg":8}]]}}],[0.071934,{"lines":{"41":[["1 change; before #1  1 seconds ago                  dt[       24,9          All ",{"fg":12,"bg":8}]]},"cursor":{"visible":false}}],[0.004741,{"lines":{"23":[["        ",{"fg":12,"bg":8}],["[",{"fg":1,"bg":10,"bold":true}],["greater_than_30, lesser_than_30, modulo_2",{"fg":12,"bg":8}],["]",{"fg":1,"bg":10,"bold":true}],[")                            ",{"fg":12,"bg":8}]],"41":[["1 change; before #1  1 seconds ago                            24,9          All ",{"fg":12,"bg":8}]]},"cursor":{"visible":true}}],[0.386393,{"lines":{"41":[["1 change; before #1  1 seconds ago                  $         24,9          All ",{"fg":12,"bg":8}]]},"cursor":{"visible":false}}],[0.003858,{"lines":{"21":[["    ",{"fg":12,"bg":8}],["list",{"fg":4,"bg":8}],["(itertools.product",{"fg":12,"bg":8}],["(",{"fg":1,"bg":10,"bold":true}],["                                                     ",{"fg":12,"bg":8}]],"23":[["        [greater_than_30, lesser_than_30, modulo_2]",{"fg":12,"bg":8}],[")",{"fg":1,"bg":10,"bold":true}],["                            ",{"fg":12,"bg":8}]],"41":[["1 change; before #1  1 seconds ago                            24,52         All ",{"fg":12,"bg":8}]]},"cursor":{"x":51,"visible":true}}],[0.292782,{"lines":{"41":[["1 change; before #1  1 seconds ago                  h         24,52         All ",{"fg":12,"bg":8}]]},"cursor":{"visible":false}}],[0.003758,{"lines":{"21":[["    ",{"fg":12,"bg":8}],["list",{"fg":4,"bg":8}],["(itertools.product(                                                     ",{"fg":12,"bg":8}]],"23":[["        ",{"fg":12,"bg":8}],["[",{"fg":1,"bg":10,"bold":true}],["greater_than_30, lesser_than_30, modulo_2",{"fg":12,"bg":8}],["]",{"fg":1,"bg":10,"bold":true}],[")                            ",{"fg":12,"bg":8}]],"41":[["1 change; before #1  1 seconds ago                            24,51         All ",{"fg":12,"bg":8}]]},"cursor":{"x":50,"visible":true}}],[1.396268,{"lines":{"41":[["1 change; before #1  1 seconds ago                  %         24,51         All ",{"fg":12,"bg":8}]]},"cursor":{"visible":false}}],[0.003739,{"lines":{"41":[["1 change; before #1  1 seconds ago                            24,9          All ",{"fg":12,"bg":8}]]},"cursor":{"x":8,"visible":true}}],[0.25222,{"lines":{"41":[["1 change; before #1  1 seconds ago                  %         24,9          All ",{"fg":12,"bg":8}]]},"cursor":{"visible":false}}],[0.003919,{"lines":{"41":[["1 change; before #1  1 seconds ago                            24,51         All ",{"fg":12,"bg":8}]]},"cursor":{"x":50,"visible":true}}],[0.339992,{"lines":{"41":[["1 change; before #1  1 seconds ago                  l         24,51         All ",{"fg":12,"bg":8}]]},"cursor":{"visible":false}}],[0.004699,{"lines":{"21":[["    ",{"fg":12,"bg":8}],["list",{"fg":4,"bg":8}],["(itertools.product",{"fg":12,"bg":8}],["(",{"fg":1,"bg":10,"bold":true}],["                                                     ",{"fg":12,"bg":8}]],"23":[["        [greater_than_30, lesser_than_30, modulo_2]",{"fg":12,"bg":8}],[")",{"fg":1,"bg":10,"bold":true}],["                            ",{"fg":12,"bg":8}]],"41":[["1 change; before #1  1 seconds ago                            24,52         All ",{"fg":12,"bg":8}]]},"cursor":{"x":51,"visible":true}}],[0.099635,{"lines":{"41":[["1 change; before #1  1 seconds ago                  dl        24,52         All ",{"fg":12,"bg":8}]]},"cursor":{"visible":false}}],[0.005233,{"lines":{"21":[["    ",{"fg":12,"bg":8}],["list",{"fg":4,"bg":8}],["(itertools.product(                                                     ",{"fg":12,"bg":8}]],"23":[["        ",{"fg":12,"bg":8}],["[",{"fg":1,"bg":10,"bold":true}],["greater_than_30, lesser_than_30, modulo_2",{"fg":12,"bg":8}],["]",{"fg":1,"bg":10,"bold":true}],["                             ",{"fg":12,"bg":8}]],"41":[["1 change; before #1  1 seconds ago                            24,51         All ",{"fg":12,"bg":8}]]},"cursor":{"x":50,"visible":true}}],[0.779412,{"lines":{"41":[[":                                                                               ",{"fg":12,"bg":8}]]},"cursor":{"x":1,"y":41}}],[0.222913,{"lines":{"41":[[":w                                                                              ",{"fg":12,"bg":8}]]},"cursor":{"x":2}}],[0.08061,{"lines":{"41":[[":wq                                                                             ",{"fg":12,"bg":8}]]},"cursor":{"x":3}}],[0.111602,{"cursor":{"x":0}}],[0.013203,{"lines":{"0":[["                                                                                ",{}]],"1":[["def greater_than_30(itemNo):                                                    ",{}]],"2":[["    assert (itemNo > 30), \"not greater than 30\"                                 ",{}]],"3":[["def lesser_than_30(itemNo):                                                     ",{}]],"4":[["    assert (itemNo < 30), \"not lesser thant 30\"                                 ",{}]],"5":[["def modulo_2(itemNo):                                                           ",{}]],"6":[["    assert (itemNo % 2) == 0, \"not divisible by 2\"                              ",{}]],"7":[["                                                                                ",{}]],"8":[["@pytest.mark.parametrize(                                                       ",{}]],"9":[["    ['itemNo', 'assertion_func'],                                               ",{}]],"10":[["    list(itertools.product(                                                     ",{}]],"11":[["        [0, 11, 33],                                                            ",{}]],"12":[["        map(FunctionWrapper, [greater_than_30, lesser_than_30, modulo_2])       ",{}]],"13":[["    ))                                                                          ",{}]],"14":[[")                                                                               ",{}]],"15":[["def test_item_no(itemNo, assertion_func):                                       ",{}]],"16":[["    assertion_func(itemNo)                                                      ",{}]],"17":[["falsetru@ubuntu:/tmp$                                                           ",{}]],"18":[["falsetru@ubuntu:/tmp$                                                           ",{}]],"19":[["falsetru@ubuntu:/tmp$ py.test -v --tb=no test_sample.py                         ",{}]],"20":[["============================= test session starts ==============================",{"bold":true}]],"21":[["platform linux2 -- Python 2.7.5 -- pytest-2.3.5 -- /usr/bin/python              ",{}]],"22":[["collected 9 items ",{"bold":true}],["                                                              ",{}]],"23":[["                                                                                ",{}]],"24":[["test_sample.py:20: test_item_no[0-greater_than_30] ",{}],["FAILED",{"fg":1}],["                       ",{}]],"25":[["test_sample.py:20: test_item_no[0-lesser_than_30] ",{}],["PASSED",{"fg":2}],["                        ",{}]],"26":[["test_sample.py:20: test_item_no[0-modulo_2] ",{}],["PASSED",{"fg":2}],["                              ",{}]],"27":[["test_sample.py:20: test_item_no[11-greater_than_30] ",{}],["FAILED",{"fg":1}],["                      ",{}]],"28":[["test_sample.py:20: test_item_no[11-lesser_than_30] ",{}],["PASSED",{"fg":2}],["                       ",{}]],"29":[["test_sample.py:20: test_item_no[11-modulo_2] ",{}],["FAILED",{"fg":1}],["                             ",{}]],"30":[["test_sample.py:20: test_item_no[33-greater_than_30] ",{}],["PASSED",{"fg":2}],["                      ",{}]],"31":[["test_sample.py:20: test_item_no[33-lesser_than_30] ",{}],["FAILED",{"fg":1}],["                       ",{}]],"32":[["test_sample.py:20: test_item_no[33-modulo_2] ",{}],["FAILED",{"fg":1}],["                             ",{}]],"33":[["                                                                                ",{}]],"34":[["====================== 5 failed, 4 passed in 0.03 seconds ======================",{"bold":true}]],"35":[["falsetru@ubuntu:/tmp$                                                           ",{}]],"36":[["falsetru@ubuntu:/tmp$                                                           ",{}]],"37":[["falsetru@ubuntu:/tmp$                                                           ",{}]],"38":[["falsetru@ubuntu:/tmp$                                                           ",{}]],"39":[["falsetru@ubuntu:/tmp$                                                           ",{}]],"40":[["falsetru@ubuntu:/tmp$ vi test_sample.py                                         ",{}]],"41":[["falsetru@ubuntu:/tmp$                                                           ",{}]]},"cursor":{"x":22}}],[0.570723,{"lines":{"0":[["def greater_than_30(itemNo):                                                    ",{}]],"1":[["    assert (itemNo > 30), \"not greater than 30\"                                 ",{}]],"2":[["def lesser_than_30(itemNo):                                                     ",{}]],"3":[["    assert (itemNo < 30), \"not lesser thant 30\"                                 ",{}]],"4":[["def modulo_2(itemNo):                                                           ",{}]],"5":[["    assert (itemNo % 2) == 0, \"not divisible by 2\"                              ",{}]],"6":[["                                                                                ",{}]],"7":[["@pytest.mark.parametrize(                                                       ",{}]],"8":[["    ['itemNo', 'assertion_func'],                                               ",{}]],"9":[["    list(itertools.product(                                                     ",{}]],"10":[["        [0, 11, 33],                                                            ",{}]],"11":[["        map(FunctionWrapper, [greater_than_30, lesser_than_30, modulo_2])       ",{}]],"12":[["    ))                                                                          ",{}]],"13":[[")                                                                               ",{}]],"14":[["def test_item_no(itemNo, assertion_func):                                       ",{}]],"15":[["    assertion_func(itemNo)                                                      ",{}]],"16":[["falsetru@ubuntu:/tmp$                                                           ",{}]],"18":[["falsetru@ubuntu:/tmp$ py.test -v --tb=no test_sample.py                         ",{}]],"19":[["============================= test session starts ==============================",{"bold":true}]],"20":[["platform linux2 -- Python 2.7.5 -- pytest-2.3.5 -- /usr/bin/python              ",{}]],"21":[["collected 9 items ",{"bold":true}],["                                                              ",{}]],"22":[["                                                                                ",{}]],"23":[["test_sample.py:20: test_item_no[0-greater_than_30] ",{}],["FAILED",{"fg":1}],["                       ",{}]],"24":[["test_sample.py:20: test_item_no[0-lesser_than_30] ",{}],["PASSED",{"fg":2}],["                        ",{}]],"25":[["test_sample.py:20: test_item_no[0-modulo_2] ",{}],["PASSED",{"fg":2}],["                              ",{}]],"26":[["test_sample.py:20: test_item_no[11-greater_than_30] ",{}],["FAILED",{"fg":1}],["                      ",{}]],"27":[["test_sample.py:20: test_item_no[11-lesser_than_30] ",{}],["PASSED",{"fg":2}],["                       ",{}]],"28":[["test_sample.py:20: test_item_no[11-modulo_2] ",{}],["FAILED",{"fg":1}],["                             ",{}]],"29":[["test_sample.py:20: test_item_no[33-greater_than_30] ",{}],["PASSED",{"fg":2}],["                      ",{}]],"30":[["test_sample.py:20: test_item_no[33-lesser_than_30] ",{}],["FAILED",{"fg":1}],["                       ",{}]],"31":[["test_sample.py:20: test_item_no[33-modulo_2] ",{}],["FAILED",{"fg":1}],["                             ",{}]],"32":[["                                                                                ",{}]],"33":[["====================== 5 failed, 4 passed in 0.03 seconds ======================",{"bold":true}]],"34":[["falsetru@ubuntu:/tmp$                                                           ",{}]],"39":[["falsetru@ubuntu:/tmp$ vi test_sample.py                                         ",{}]],"40":[["falsetru@ubuntu:/tmp$                                                           ",{}]]}}],[0.144252,{"lines":{"0":[["    assert (itemNo > 30), \"not greater than 30\"                                 ",{}]],"1":[["def lesser_than_30(itemNo):                                                     ",{}]],"2":[["    assert (itemNo < 30), \"not lesser thant 30\"                                 ",{}]],"3":[["def modulo_2(itemNo):                                                           ",{}]],"4":[["    assert (itemNo % 2) == 0, \"not divisible by 2\"                              ",{}]],"5":[["                                                                                ",{}]],"6":[["@pytest.mark.parametrize(                                                       ",{}]],"7":[["    ['itemNo', 'assertion_func'],                                               ",{}]],"8":[["    list(itertools.product(                                                     ",{}]],"9":[["        [0, 11, 33],                                                            ",{}]],"10":[["        map(FunctionWrapper, [greater_than_30, lesser_than_30, modulo_2])       ",{}]],"11":[["    ))                                                                          ",{}]],"12":[[")                                                                               ",{}]],"13":[["def test_item_no(itemNo, assertion_func):                                       ",{}]],"14":[["    assertion_func(itemNo)                                                      ",{}]],"15":[["falsetru@ubuntu:/tmp$                                                           ",{}]],"17":[["falsetru@ubuntu:/tmp$ py.test -v --tb=no test_sample.py                         ",{}]],"18":[["============================= test session starts ==============================",{"bold":true}]],"19":[["platform linux2 -- Python 2.7.5 -- pytest-2.3.5 -- /usr/bin/python              ",{}]],"20":[["collected 9 items ",{"bold":true}],["                                                              ",{}]],"21":[["                                                                                ",{}]],"22":[["test_sample.py:20: test_item_no[0-greater_than_30] ",{}],["FAILED",{"fg":1}],["                       ",{}]],"23":[["test_sample.py:20: test_item_no[0-lesser_than_30] ",{}],["PASSED",{"fg":2}],["                        ",{}]],"24":[["test_sample.py:20: test_item_no[0-modulo_2] ",{}],["PASSED",{"fg":2}],["                              ",{}]],"25":[["test_sample.py:20: test_item_no[11-greater_than_30] ",{}],["FAILED",{"fg":1}],["                      ",{}]],"26":[["test_sample.py:20: test_item_no[11-lesser_than_30] ",{}],["PASSED",{"fg":2}],["                       ",{}]],"27":[["test_sample.py:20: test_item_no[11-modulo_2] ",{}],["FAILED",{"fg":1}],["                             ",{}]],"28":[["test_sample.py:20: test_item_no[33-greater_than_30] ",{}],["PASSED",{"fg":2}],["                      ",{}]],"29":[["test_sample.py:20: test_item_no[33-lesser_than_30] ",{}],["FAILED",{"fg":1}],["                       ",{}]],"30":[["test_sample.py:20: test_item_no[33-modulo_2] ",{}],["FAILED",{"fg":1}],["                             ",{}]],"31":[["                                                                                ",{}]],"32":[["====================== 5 failed, 4 passed in 0.03 seconds ======================",{"bold":true}]],"33":[["falsetru@ubuntu:/tmp$                                                           ",{}]],"38":[["falsetru@ubuntu:/tmp$ vi test_sample.py                                         ",{}]],"39":[["falsetru@ubuntu:/tmp$                                                           ",{}]]}}],[0.127777,{"lines":{"0":[["def lesser_than_30(itemNo):                                                     ",{}]],"1":[["    assert (itemNo < 30), \"not lesser thant 30\"                                 ",{}]],"2":[["def modulo_2(itemNo):                                                           ",{}]],"3":[["    assert (itemNo % 2) == 0, \"not divisible by 2\"                              ",{}]],"4":[["                                                                                ",{}]],"5":[["@pytest.mark.parametrize(                                                       ",{}]],"6":[["    ['itemNo', 'assertion_func'],                                               ",{}]],"7":[["    list(itertools.product(                                                     ",{}]],"8":[["        [0, 11, 33],                                                            ",{}]],"9":[["        map(FunctionWrapper, [greater_than_30, lesser_than_30, modulo_2])       ",{}]],"10":[["    ))                                                                          ",{}]],"11":[[")                                                                               ",{}]],"12":[["def test_item_no(itemNo, assertion_func):                                       ",{}]],"13":[["    assertion_func(itemNo)                                                      ",{}]],"14":[["falsetru@ubuntu:/tmp$                                                           ",{}]],"16":[["falsetru@ubuntu:/tmp$ py.test -v --tb=no test_sample.py                         ",{}]],"17":[["============================= test session starts ==============================",{"bold":true}]],"18":[["platform linux2 -- Python 2.7.5 -- pytest-2.3.5 -- /usr/bin/python              ",{}]],"19":[["collected 9 items ",{"bold":true}],["                                                              ",{}]],"20":[["                                                                                ",{}]],"21":[["test_sample.py:20: test_item_no[0-greater_than_30] ",{}],["FAILED",{"fg":1}],["                       ",{}]],"22":[["test_sample.py:20: test_item_no[0-lesser_than_30] ",{}],["PASSED",{"fg":2}],["                        ",{}]],"23":[["test_sample.py:20: test_item_no[0-modulo_2] ",{}],["PASSED",{"fg":2}],["                              ",{}]],"24":[["test_sample.py:20: test_item_no[11-greater_than_30] ",{}],["FAILED",{"fg":1}],["                      ",{}]],"25":[["test_sample.py:20: test_item_no[11-lesser_than_30] ",{}],["PASSED",{"fg":2}],["                       ",{}]],"26":[["test_sample.py:20: test_item_no[11-modulo_2] ",{}],["FAILED",{"fg":1}],["                             ",{}]],"27":[["test_sample.py:20: test_item_no[33-greater_than_30] ",{}],["PASSED",{"fg":2}],["                      ",{}]],"28":[["test_sample.py:20: test_item_no[33-lesser_than_30] ",{}],["FAILED",{"fg":1}],["                       ",{}]],"29":[["test_sample.py:20: test_item_no[33-modulo_2] ",{}],["FAILED",{"fg":1}],["                             ",{}]],"30":[["                                                                                ",{}]],"31":[["====================== 5 failed, 4 passed in 0.03 seconds ======================",{"bold":true}]],"32":[["falsetru@ubuntu:/tmp$                                                           ",{}]],"37":[["falsetru@ubuntu:/tmp$ vi test_sample.py                                         ",{}]],"38":[["falsetru@ubuntu:/tmp$                                                           ",{}]]}}],[0.38438,{"lines":{"41":[["falsetru@ubuntu:/tmp$ #                                                         ",{}]]},"cursor":{"x":23}}],[0.407389,{"lines":{"41":[["falsetru@ubuntu:/tmp$ #w                                                        ",{}]]},"cursor":{"x":24}}],[0.056518,{"lines":{"41":[["falsetru@ubuntu:/tmp$ #wi                                                       ",{}]]},"cursor":{"x":25}}],[0.09524299999999999,{"lines":{"41":[["falsetru@ubuntu:/tmp$ #wit                                                      ",{}]]},"cursor":{"x":26}}],[0.056486,{"lines":{"41":[["falsetru@ubuntu:/tmp$ #with                                                     ",{}]]},"cursor":{"x":27}}],[0.12038,{"lines":{"41":[["falsetru@ubuntu:/tmp$ #witho                                                    ",{}]]},"cursor":{"x":28}}],[0.071673,{"lines":{"41":[["falsetru@ubuntu:/tmp$ #withou                                                   ",{}]]},"cursor":{"x":29}}],[0.080482,{"lines":{"41":[["falsetru@ubuntu:/tmp$ #without                                                  ",{}]]},"cursor":{"x":30}}],[0.119684,{"cursor":{"x":31}}],[2.66408,{"lines":{"41":[["falsetru@ubuntu:/tmp$ #without F                                                ",{}]]},"cursor":{"x":32}}],[0.159498,{"lines":{"41":[["falsetru@ubuntu:/tmp$ #without Fu                                               ",{}]]},"cursor":{"x":33}}],[0.184197,{"lines":{"41":[["falsetru@ubuntu:/tmp$ #without Fun                                              ",{}]]},"cursor":{"x":34}}],[0.104048,{"lines":{"41":[["falsetru@ubuntu:/tmp$ #without Func                                             ",{}]]},"cursor":{"x":35}}],[0.255769,{"lines":{"41":[["falsetru@ubuntu:/tmp$ #without FuncW                                            ",{}]]},"cursor":{"x":36}}],[0.160623,{"lines":{"41":[["falsetru@ubuntu:/tmp$ #without FuncWr                                           ",{}]]},"cursor":{"x":37}}],[0.112216,{"lines":{"41":[["falsetru@ubuntu:/tmp$ #without FuncWra                                          ",{}]]},"cursor":{"x":38}}],[0.07145899999999999,{"lines":{"41":[["falsetru@ubuntu:/tmp$ #without FuncWrap                                         ",{}]]},"cursor":{"x":39}}],[0.144517,{"lines":{"41":[["falsetru@ubuntu:/tmp$ #without FuncWrapp                                        ",{}]]},"cursor":{"x":40}}],[0.055163,{"lines":{"41":[["falsetru@ubuntu:/tmp$ #without FuncWrappe                                       ",{}]]},"cursor":{"x":41}}],[0.104633,{"lines":{"41":[["falsetru@ubuntu:/tmp$ #without FuncWrapper                                      ",{}]]},"cursor":{"x":42}}],[0.303943,{"lines":{"41":[["falsetru@ubuntu:/tmp$ #without FuncWrapper.                                     ",{}]]},"cursor":{"x":43}}],[0.288588,{"lines":{"0":[["    assert (itemNo < 30), \"not lesser thant 30\"                                 ",{}]],"1":[["def modulo_2(itemNo):                                                           ",{}]],"2":[["    assert (itemNo % 2) == 0, \"not divisible by 2\"                              ",{}]],"3":[["                                                                                ",{}]],"4":[["@pytest.mark.parametrize(                                                       ",{}]],"5":[["    ['itemNo', 'assertion_func'],                                               ",{}]],"6":[["    list(itertools.product(                                                     ",{}]],"7":[["        [0, 11, 33],                                                            ",{}]],"8":[["        map(FunctionWrapper, [greater_than_30, lesser_than_30, modulo_2])       ",{}]],"9":[["    ))                                                                          ",{}]],"10":[[")                                                                               ",{}]],"11":[["def test_item_no(itemNo, assertion_func):                                       ",{}]],"12":[["    assertion_func(itemNo)                                                      ",{}]],"13":[["falsetru@ubuntu:/tmp$                                                           ",{}]],"15":[["falsetru@ubuntu:/tmp$ py.test -v --tb=no test_sample.py                         ",{}]],"16":[["============================= test session starts ==============================",{"bold":true}]],"17":[["platform linux2 -- Python 2.7.5 -- pytest-2.3.5 -- /usr/bin/python              ",{}]],"18":[["collected 9 items ",{"bold":true}],["                                                              ",{}]],"19":[["                                                                                ",{}]],"20":[["test_sample.py:20: test_item_no[0-greater_than_30] ",{}],["FAILED",{"fg":1}],["                       ",{}]],"21":[["test_sample.py:20: test_item_no[0-lesser_than_30] ",{}],["PASSED",{"fg":2}],["                        ",{}]],"22":[["test_sample.py:20: test_item_no[0-modulo_2] ",{}],["PASSED",{"fg":2}],["                              ",{}]],"23":[["test_sample.py:20: test_item_no[11-greater_than_30] ",{}],["FAILED",{"fg":1}],["                      ",{}]],"24":[["test_sample.py:20: test_item_no[11-lesser_than_30] ",{}],["PASSED",{"fg":2}],["                       ",{}]],"25":[["test_sample.py:20: test_item_no[11-modulo_2] ",{}],["FAILED",{"fg":1}],["                             ",{}]],"26":[["test_sample.py:20: test_item_no[33-greater_than_30] ",{}],["PASSED",{"fg":2}],["                      ",{}]],"27":[["test_sample.py:20: test_item_no[33-lesser_than_30] ",{}],["FAILED",{"fg":1}],["                       ",{}]],"28":[["test_sample.py:20: test_item_no[33-modulo_2] ",{}],["FAILED",{"fg":1}],["                             ",{}]],"29":[["                                                                                ",{}]],"30":[["====================== 5 failed, 4 passed in 0.03 seconds ======================",{"bold":true}]],"31":[["falsetru@ubuntu:/tmp$                                                           ",{}]],"36":[["falsetru@ubuntu:/tmp$ vi test_sample.py                                         ",{}]],"37":[["falsetru@ubuntu:/tmp$                                                           ",{}]],"40":[["falsetru@ubuntu:/tmp$ #without FuncWrapper.                                     ",{}]],"41":[["falsetru@ubuntu:/tmp$                                                           ",{}]]},"cursor":{"x":22}}],[0.367272,{"lines":{"41":[["falsetru@ubuntu:/tmp$ #without FuncWrapper.                                     ",{}]]}}],[0.152495,{"lines":{"41":[["falsetru@ubuntu:/tmp$ vi test_sample.py                                         ",{}]]}}],[0.41601,{"lines":{"41":[["falsetru@ubuntu:/tmp$ py.test -v --tb=no test_sample.py                         ",{}]]}}],[0.352084,{"lines":{"41":[["falsetru@ubuntu:/tmp$ vi test_sample.py                                         ",{}]]}}],[0.67199,{"lines":{"41":[["falsetru@ubuntu:/tmp$ py.test -v --tb=no test_sample.py                         ",{}]]}}],[0.743792,{"lines":{"0":[["def modulo_2(itemNo):                                                           ",{}]],"1":[["    assert (itemNo % 2) == 0, \"not divisible by 2\"                              ",{}]],"2":[["                                                                                ",{}]],"3":[["@pytest.mark.parametrize(                                                       ",{}]],"4":[["    ['itemNo', 'assertion_func'],                                               ",{}]],"5":[["    list(itertools.product(                                                     ",{}]],"6":[["        [0, 11, 33],                                                            ",{}]],"7":[["        map(FunctionWrapper, [greater_than_30, lesser_than_30, modulo_2])       ",{}]],"8":[["    ))                                                                          ",{}]],"9":[[")                                                                               ",{}]],"10":[["def test_item_no(itemNo, assertion_func):                                       ",{}]],"11":[["    assertion_func(itemNo)                                                      ",{}]],"12":[["falsetru@ubuntu:/tmp$                                                           ",{}]],"14":[["falsetru@ubuntu:/tmp$ py.test -v --tb=no test_sample.py                         ",{}]],"15":[["============================= test session starts ==============================",{"bold":true}]],"16":[["platform linux2 -- Python 2.7.5 -- pytest-2.3.5 -- /usr/bin/python              ",{}]],"17":[["collected 9 items ",{"bold":true}],["                                                              ",{}]],"18":[["                                                                                ",{}]],"19":[["test_sample.py:20: test_item_no[0-greater_than_30] ",{}],["FAILED",{"fg":1}],["                       ",{}]],"20":[["test_sample.py:20: test_item_no[0-lesser_than_30] ",{}],["PASSED",{"fg":2}],["                        ",{}]],"21":[["test_sample.py:20: test_item_no[0-modulo_2] ",{}],["PASSED",{"fg":2}],["                              ",{}]],"22":[["test_sample.py:20: test_item_no[11-greater_than_30] ",{}],["FAILED",{"fg":1}],["                      ",{}]],"23":[["test_sample.py:20: test_item_no[11-lesser_than_30] ",{}],["PASSED",{"fg":2}],["                       ",{}]],"24":[["test_sample.py:20: test_item_no[11-modulo_2] ",{}],["FAILED",{"fg":1}],["                             ",{}]],"25":[["test_sample.py:20: test_item_no[33-greater_than_30] ",{}],["PASSED",{"fg":2}],["                      ",{}]],"26":[["test_sample.py:20: test_item_no[33-lesser_than_30] ",{}],["FAILED",{"fg":1}],["                       ",{}]],"27":[["test_sample.py:20: test_item_no[33-modulo_2] ",{}],["FAILED",{"fg":1}],["                             ",{}]],"28":[["                                                                                ",{}]],"29":[["====================== 5 failed, 4 passed in 0.03 seconds ======================",{"bold":true}]],"30":[["falsetru@ubuntu:/tmp$                                                           ",{}]],"35":[["falsetru@ubuntu:/tmp$ vi test_sample.py                                         ",{}]],"36":[["falsetru@ubuntu:/tmp$                                                           ",{}]],"39":[["falsetru@ubuntu:/tmp$ #without FuncWrapper.                                     ",{}]],"40":[["falsetru@ubuntu:/tmp$ py.test -v --tb=no test_sample.py                         ",{}]],"41":[["                                                                                ",{}]]},"cursor":{"x":0}}],[0.116725,{"lines":{"0":[["                                                                                ",{}]],"1":[["@pytest.mark.parametrize(                                                       ",{}]],"2":[["    ['itemNo', 'assertion_func'],                                               ",{}]],"3":[["    list(itertools.product(                                                     ",{}]],"4":[["        [0, 11, 33],                                                            ",{}]],"5":[["        map(FunctionWrapper, [greater_than_30, lesser_than_30, modulo_2])       ",{}]],"6":[["    ))                                                                          ",{}]],"7":[[")                                                                               ",{}]],"8":[["def test_item_no(itemNo, assertion_func):                                       ",{}]],"9":[["    assertion_func(itemNo)                                                      ",{}]],"10":[["falsetru@ubuntu:/tmp$                                                           ",{}]],"11":[["falsetru@ubuntu:/tmp$                                                           ",{}]],"12":[["falsetru@ubuntu:/tmp$ py.test -v --tb=no test_sample.py                         ",{}]],"13":[["============================= test session starts ==============================",{"bold":true}]],"14":[["platform linux2 -- Python 2.7.5 -- pytest-2.3.5 -- /usr/bin/python              ",{}]],"15":[["collected 9 items ",{"bold":true}],["                                                              ",{}]],"16":[["                                                                                ",{}]],"17":[["test_sample.py:20: test_item_no[0-greater_than_30] ",{}],["FAILED",{"fg":1}],["                       ",{}]],"18":[["test_sample.py:20: test_item_no[0-lesser_than_30] ",{}],["PASSED",{"fg":2}],["                        ",{}]],"19":[["test_sample.py:20: test_item_no[0-modulo_2] ",{}],["PASSED",{"fg":2}],["                              ",{}]],"20":[["test_sample.py:20: test_item_no[11-greater_than_30] ",{}],["FAILED",{"fg":1}],["                      ",{}]],"21":[["test_sample.py:20: test_item_no[11-lesser_than_30] ",{}],["PASSED",{"fg":2}],["                       ",{}]],"22":[["test_sample.py:20: test_item_no[11-modulo_2] ",{}],["FAILED",{"fg":1}],["                             ",{}]],"23":[["test_sample.py:20: test_item_no[33-greater_than_30] ",{}],["PASSED",{"fg":2}],["                      ",{}]],"24":[["test_sample.py:20: test_item_no[33-lesser_than_30] ",{}],["FAILED",{"fg":1}],["                       ",{}]],"25":[["test_sample.py:20: test_item_no[33-modulo_2] ",{}],["FAILED",{"fg":1}],["                             ",{}]],"26":[["                                                                                ",{}]],"27":[["====================== 5 failed, 4 passed in 0.03 seconds ======================",{"bold":true}]],"28":[["falsetru@ubuntu:/tmp$                                                           ",{}]],"29":[["falsetru@ubuntu:/tmp$                                                           ",{}]],"33":[["falsetru@ubuntu:/tmp$ vi test_sample.py                                         ",{}]],"35":[["falsetru@ubuntu:/tmp$                                                           ",{}]],"37":[["falsetru@ubuntu:/tmp$ #without FuncWrapper.                                     ",{}]],"38":[["falsetru@ubuntu:/tmp$ py.test -v --tb=no test_sample.py                         ",{}]],"39":[["============================= test session starts ==============================",{"bold":true}]],"40":[["platform linux2 -- Python 2.7.5 -- pytest-2.3.5 -- /usr/bin/python              ",{}]]}}],[0.015153,{"lines":{"0":[[")                                                                               ",{}]],"1":[["def test_item_no(itemNo, assertion_func):                                       ",{}]],"2":[["    assertion_func(itemNo)                                                      ",{}]],"3":[["falsetru@ubuntu:/tmp$                                                           ",{}]],"4":[["falsetru@ubuntu:/tmp$                                                           ",{}]],"5":[["falsetru@ubuntu:/tmp$ py.test -v --tb=no test_sample.py                         ",{}]],"6":[["============================= test session starts ==============================",{"bold":true}]],"7":[["platform linux2 -- Python 2.7.5 -- pytest-2.3.5 -- /usr/bin/python              ",{}]],"8":[["collected 9 items ",{"bold":true}],["                                                              ",{}]],"9":[["                                                                                ",{}]],"10":[["test_sample.py:20: test_item_no[0-greater_than_30] ",{}],["FAILED",{"fg":1}],["                       ",{}]],"11":[["test_sample.py:20: test_item_no[0-lesser_than_30] ",{}],["PASSED",{"fg":2}],["                        ",{}]],"12":[["test_sample.py:20: test_item_no[0-modulo_2] ",{}],["PASSED",{"fg":2}],["                              ",{}]],"13":[["test_sample.py:20: test_item_no[11-greater_than_30] ",{}],["FAILED",{"fg":1}],["                      ",{}]],"14":[["test_sample.py:20: test_item_no[11-lesser_than_30] ",{}],["PASSED",{"fg":2}],["                       ",{}]],"15":[["test_sample.py:20: test_item_no[11-modulo_2] ",{}],["FAILED",{"fg":1}],["                             ",{}]],"16":[["test_sample.py:20: test_item_no[33-greater_than_30] ",{}],["PASSED",{"fg":2}],["                      ",{}]],"17":[["test_sample.py:20: test_item_no[33-lesser_than_30] ",{}],["FAILED",{"fg":1}],["                       ",{}]],"18":[["test_sample.py:20: test_item_no[33-modulo_2] ",{}],["FAILED",{"fg":1}],["                             ",{}]],"19":[["                                                                                ",{}]],"20":[["====================== 5 failed, 4 passed in 0.03 seconds ======================",{"bold":true}]],"21":[["falsetru@ubuntu:/tmp$                                                           ",{}]],"22":[["falsetru@ubuntu:/tmp$                                                           ",{}]],"23":[["falsetru@ubuntu:/tmp$                                                           ",{}]],"24":[["falsetru@ubuntu:/tmp$                                                           ",{}]],"25":[["falsetru@ubuntu:/tmp$                                                           ",{}]],"26":[["falsetru@ubuntu:/tmp$ vi test_sample.py                                         ",{}]],"27":[["falsetru@ubuntu:/tmp$                                                           ",{}]],"30":[["falsetru@ubuntu:/tmp$ #without FuncWrapper.                                     ",{}]],"31":[["falsetru@ubuntu:/tmp$ py.test -v --tb=no test_sample.py                         ",{}]],"32":[["============================= test session starts ==============================",{"bold":true}]],"33":[["platform linux2 -- Python 2.7.5 -- pytest-2.3.5 -- /usr/bin/python              ",{}]],"34":[["collected 9 items ",{"bold":true}],["                                                              ",{}]],"35":[["                                                                                ",{"bold":true}]],"36":[["test_sample.py:20: test_item_no[0-assertion_func0] ",{}],["FAILED",{"fg":1}],["                       ",{}]],"37":[["test_sample.py:20: test_item_no[0-assertion_func1] ",{}],["PASSED",{"fg":2}],["                       ",{}]],"38":[["test_sample.py:20: test_item_no[0-assertion_func2] ",{}],["PASSED",{"fg":2}],["                       ",{}]],"39":[["test_sample.py:20: test_item_no[11-assertion_func3] ",{}],["FAILED",{"fg":1}],["                      ",{}]],"40":[["test_sample.py:20: test_item_no[11-assertion_func4] ",{}],["PASSED",{"fg":2}],["                      ",{}]],"41":[["test_sample.py:20: test_item_no[11-assertion_func5]                             ",{}]]},"cursor":{"x":52}}],[0.010046,{"lines":{"0":[["============================= test session starts ==============================",{"bold":true}]],"1":[["platform linux2 -- Python 2.7.5 -- pytest-2.3.5 -- /usr/bin/python              ",{}]],"2":[["collected 9 items ",{"bold":true}],["                                                              ",{}]],"3":[["                                                                                ",{}]],"4":[["test_sample.py:20: test_item_no[0-greater_than_30] ",{}],["FAILED",{"fg":1}],["                       ",{}]],"5":[["test_sample.py:20: test_item_no[0-lesser_than_30] ",{}],["PASSED",{"fg":2}],["                        ",{}]],"6":[["test_sample.py:20: test_item_no[0-modulo_2] ",{}],["PASSED",{"fg":2}],["                              ",{}]],"7":[["test_sample.py:20: test_item_no[11-greater_than_30] ",{}],["FAILED",{"fg":1}],["                      ",{}]],"8":[["test_sample.py:20: test_item_no[11-lesser_than_30] ",{}],["PASSED",{"fg":2}],["                       ",{}]],"9":[["test_sample.py:20: test_item_no[11-modulo_2] ",{}],["FAILED",{"fg":1}],["                             ",{}]],"10":[["test_sample.py:20: test_item_no[33-greater_than_30] ",{}],["PASSED",{"fg":2}],["                      ",{}]],"11":[["test_sample.py:20: test_item_no[33-lesser_than_30] ",{}],["FAILED",{"fg":1}],["                       ",{}]],"12":[["test_sample.py:20: test_item_no[33-modulo_2] ",{}],["FAILED",{"fg":1}],["                             ",{}]],"13":[["                                                                                ",{}]],"14":[["====================== 5 failed, 4 passed in 0.03 seconds ======================",{"bold":true}]],"15":[["falsetru@ubuntu:/tmp$                                                           ",{}]],"16":[["falsetru@ubuntu:/tmp$                                                           ",{}]],"17":[["falsetru@ubuntu:/tmp$                                                           ",{}]],"18":[["falsetru@ubuntu:/tmp$                                                           ",{}]],"19":[["falsetru@ubuntu:/tmp$                                                           ",{}]],"20":[["falsetru@ubuntu:/tmp$ vi test_sample.py                                         ",{}]],"24":[["falsetru@ubuntu:/tmp$ #without FuncWrapper.                                     ",{}]],"25":[["falsetru@ubuntu:/tmp$ py.test -v --tb=no test_sample.py                         ",{}]],"26":[["============================= test session starts ==============================",{"bold":true}]],"27":[["platform linux2 -- Python 2.7.5 -- pytest-2.3.5 -- /usr/bin/python              ",{}]],"28":[["collected 9 items ",{"bold":true}],["                                                              ",{}]],"29":[["                                                                                ",{"bold":true}]],"30":[["test_sample.py:20: test_item_no[0-assertion_func0] ",{}],["FAILED",{"fg":1}],["                       ",{}]],"31":[["test_sample.py:20: test_item_no[0-assertion_func1] ",{}],["PASSED",{"fg":2}],["                       ",{}]],"32":[["test_sample.py:20: test_item_no[0-assertion_func2] ",{}],["PASSED",{"fg":2}],["                       ",{}]],"33":[["test_sample.py:20: test_item_no[11-assertion_func3] ",{}],["FAILED",{"fg":1}],["                      ",{}]],"34":[["test_sample.py:20: test_item_no[11-assertion_func4] ",{}],["PASSED",{"fg":2}],["                      ",{}]],"35":[["test_sample.py:20: test_item_no[11-assertion_func5] ",{}],["FAILED",{"fg":1}],["                      ",{}]],"36":[["test_sample.py:20: test_item_no[33-assertion_func6] ",{}],["PASSED",{"fg":2}],["                      ",{}]],"37":[["test_sample.py:20: test_item_no[33-assertion_func7] ",{}],["FAILED",{"fg":1}],["                      ",{}]],"38":[["test_sample.py:20: test_item_no[33-assertion_func8] ",{}],["FAILED",{"fg":1}],["                      ",{}]],"39":[["                                                                                ",{}]],"40":[["====================== 5 failed, 4 passed in 0.03 seconds ======================",{"bold":true}]],"41":[["                                                                                ",{}]]},"cursor":{"x":0}}],[0.007102,{"lines":{"41":[["falsetru@ubuntu:/tmp$                                                           ",{}]]},"cursor":{"x":22}}],[2.875021,{"lines":{"0":[["platform linux2 -- Python 2.7.5 -- pytest-2.3.5 -- /usr/bin/python              ",{}]],"1":[["collected 9 items ",{"bold":true}],["                                                              ",{}]],"2":[["                                                                                ",{}]],"3":[["test_sample.py:20: test_item_no[0-greater_than_30] ",{}],["FAILED",{"fg":1}],["                       ",{}]],"4":[["test_sample.py:20: test_item_no[0-lesser_than_30] ",{}],["PASSED",{"fg":2}],["                        ",{}]],"5":[["test_sample.py:20: test_item_no[0-modulo_2] ",{}],["PASSED",{"fg":2}],["                              ",{}]],"6":[["test_sample.py:20: test_item_no[11-greater_than_30] ",{}],["FAILED",{"fg":1}],["                      ",{}]],"7":[["test_sample.py:20: test_item_no[11-lesser_than_30] ",{}],["PASSED",{"fg":2}],["                       ",{}]],"8":[["test_sample.py:20: test_item_no[11-modulo_2] ",{}],["FAILED",{"fg":1}],["                             ",{}]],"9":[["test_sample.py:20: test_item_no[33-greater_than_30] ",{}],["PASSED",{"fg":2}],["                      ",{}]],"10":[["test_sample.py:20: test_item_no[33-lesser_than_30] ",{}],["FAILED",{"fg":1}],["                       ",{}]],"11":[["test_sample.py:20: test_item_no[33-modulo_2] ",{}],["FAILED",{"fg":1}],["                             ",{}]],"12":[["                                                                                ",{}]],"13":[["====================== 5 failed, 4 passed in 0.03 seconds ======================",{"bold":true}]],"14":[["falsetru@ubuntu:/tmp$                                                           ",{}]],"19":[["falsetru@ubuntu:/tmp$ vi test_sample.py                                         ",{}]],"20":[["falsetru@ubuntu:/tmp$                                                           ",{}]],"23":[["falsetru@ubuntu:/tmp$ #without FuncWrapper.                                     ",{}]],"24":[["falsetru@ubuntu:/tmp$ py.test -v --tb=no test_sample.py                         ",{}]],"25":[["============================= test session starts ==============================",{"bold":true}]],"26":[["platform linux2 -- Python 2.7.5 -- pytest-2.3.5 -- /usr/bin/python              ",{}]],"27":[["collected 9 items ",{"bold":true}],["                                                              ",{}]],"28":[["                                                                                ",{"bold":true}]],"29":[["test_sample.py:20: test_item_no[0-assertion_func0] ",{}],["FAILED",{"fg":1}],["                       ",{}]],"30":[["test_sample.py:20: test_item_no[0-assertion_func1] ",{}],["PASSED",{"fg":2}],["                       ",{}]],"31":[["test_sample.py:20: test_item_no[0-assertion_func2] ",{}],["PASSED",{"fg":2}],["                       ",{}]],"32":[["test_sample.py:20: test_item_no[11-assertion_func3] ",{}],["FAILED",{"fg":1}],["                      ",{}]],"33":[["test_sample.py:20: test_item_no[11-assertion_func4] ",{}],["PASSED",{"fg":2}],["                      ",{}]],"34":[["test_sample.py:20: test_item_no[11-assertion_func5] ",{}],["FAILED",{"fg":1}],["                      ",{}]],"35":[["test_sample.py:20: test_item_no[33-assertion_func6] ",{}],["PASSED",{"fg":2}],["                      ",{}]],"36":[["test_sample.py:20: test_item_no[33-assertion_func7] ",{}],["FAILED",{"fg":1}],["                      ",{}]],"37":[["test_sample.py:20: test_item_no[33-assertion_func8] ",{}],["FAILED",{"fg":1}],["                      ",{}]],"38":[["                                                                                ",{}]],"39":[["====================== 5 failed, 4 passed in 0.03 seconds ======================",{"bold":true}]],"40":[["falsetru@ubuntu:/tmp$                                                           ",{}]]}}],[0.199676,{"lines":{"0":[["collected 9 items ",{"bold":true}],["                                                              ",{}]],"1":[["                                                                                ",{}]],"2":[["test_sample.py:20: test_item_no[0-greater_than_30] ",{}],["FAILED",{"fg":1}],["                       ",{}]],"3":[["test_sample.py:20: test_item_no[0-lesser_than_30] ",{}],["PASSED",{"fg":2}],["                        ",{}]],"4":[["test_sample.py:20: test_item_no[0-modulo_2] ",{}],["PASSED",{"fg":2}],["                              ",{}]],"5":[["test_sample.py:20: test_item_no[11-greater_than_30] ",{}],["FAILED",{"fg":1}],["                      ",{}]],"6":[["test_sample.py:20: test_item_no[11-lesser_than_30] ",{}],["PASSED",{"fg":2}],["                       ",{}]],"7":[["test_sample.py:20: test_item_no[11-modulo_2] ",{}],["FAILED",{"fg":1}],["                             ",{}]],"8":[["test_sample.py:20: test_item_no[33-greater_than_30] ",{}],["PASSED",{"fg":2}],["                      ",{}]],"9":[["test_sample.py:20: test_item_no[33-lesser_than_30] ",{}],["FAILED",{"fg":1}],["                       ",{}]],"10":[["test_sample.py:20: test_item_no[33-modulo_2] ",{}],["FAILED",{"fg":1}],["                             ",{}]],"11":[["                                                                                ",{}]],"12":[["====================== 5 failed, 4 passed in 0.03 seconds ======================",{"bold":true}]],"13":[["falsetru@ubuntu:/tmp$                                                           ",{}]],"18":[["falsetru@ubuntu:/tmp$ vi test_sample.py                                         ",{}]],"19":[["falsetru@ubuntu:/tmp$                                                           ",{}]],"22":[["falsetru@ubuntu:/tmp$ #without FuncWrapper.                                     ",{}]],"23":[["falsetru@ubuntu:/tmp$ py.test -v --tb=no test_sample.py                         ",{}]],"24":[["============================= test session starts ==============================",{"bold":true}]],"25":[["platform linux2 -- Python 2.7.5 -- pytest-2.3.5 -- /usr/bin/python              ",{}]],"26":[["collected 9 items ",{"bold":true}],["                                                              ",{}]],"27":[["                                                                                ",{"bold":true}]],"28":[["test_sample.py:20: test_item_no[0-assertion_func0] ",{}],["FAILED",{"fg":1}],["                       ",{}]],"29":[["test_sample.py:20: test_item_no[0-assertion_func1] ",{}],["PASSED",{"fg":2}],["                       ",{}]],"30":[["test_sample.py:20: test_item_no[0-assertion_func2] ",{}],["PASSED",{"fg":2}],["                       ",{}]],"31":[["test_sample.py:20: test_item_no[11-assertion_func3] ",{}],["FAILED",{"fg":1}],["                      ",{}]],"32":[["test_sample.py:20: test_item_no[11-assertion_func4] ",{}],["PASSED",{"fg":2}],["                      ",{}]],"33":[["test_sample.py:20: test_item_no[11-assertion_func5] ",{}],["FAILED",{"fg":1}],["                      ",{}]],"34":[["test_sample.py:20: test_item_no[33-assertion_func6] ",{}],["PASSED",{"fg":2}],["                      ",{}]],"35":[["test_sample.py:20: test_item_no[33-assertion_func7] ",{}],["FAILED",{"fg":1}],["                      ",{}]],"36":[["test_sample.py:20: test_item_no[33-assertion_func8] ",{}],["FAILED",{"fg":1}],["                      ",{}]],"37":[["                                                                                ",{}]],"38":[["====================== 5 failed, 4 passed in 0.03 seconds ======================",{"bold":true}]],"39":[["falsetru@ubuntu:/tmp$                                                           ",{}]]}}],[0.167699,{"lines":{"0":[["                                                                                ",{}]],"1":[["test_sample.py:20: test_item_no[0-greater_than_30] ",{}],["FAILED",{"fg":1}],["                       ",{}]],"2":[["test_sample.py:20: test_item_no[0-lesser_than_30] ",{}],["PASSED",{"fg":2}],["                        ",{}]],"3":[["test_sample.py:20: test_item_no[0-modulo_2] ",{}],["PASSED",{"fg":2}],["                              ",{}]],"4":[["test_sample.py:20: test_item_no[11-greater_than_30] ",{}],["FAILED",{"fg":1}],["                      ",{}]],"5":[["test_sample.py:20: test_item_no[11-lesser_than_30] ",{}],["PASSED",{"fg":2}],["                       ",{}]],"6":[["test_sample.py:20: test_item_no[11-modulo_2] ",{}],["FAILED",{"fg":1}],["                             ",{}]],"7":[["test_sample.py:20: test_item_no[33-greater_than_30] ",{}],["PASSED",{"fg":2}],["                      ",{}]],"8":[["test_sample.py:20: test_item_no[33-lesser_than_30] ",{}],["FAILED",{"fg":1}],["                       ",{}]],"9":[["test_sample.py:20: test_item_no[33-modulo_2] ",{}],["FAILED",{"fg":1}],["                             ",{}]],"10":[["                                                                                ",{}]],"11":[["====================== 5 failed, 4 passed in 0.03 seconds ======================",{"bold":true}]],"12":[["falsetru@ubuntu:/tmp$                                                           ",{}]],"17":[["falsetru@ubuntu:/tmp$ vi test_sample.py                                         ",{}]],"18":[["falsetru@ubuntu:/tmp$                                                           ",{}]],"21":[["falsetru@ubuntu:/tmp$ #without FuncWrapper.                                     ",{}]],"22":[["falsetru@ubuntu:/tmp$ py.test -v --tb=no test_sample.py                         ",{}]],"23":[["============================= test session starts ==============================",{"bold":true}]],"24":[["platform linux2 -- Python 2.7.5 -- pytest-2.3.5 -- /usr/bin/python              ",{}]],"25":[["collected 9 items ",{"bold":true}],["                                                              ",{}]],"26":[["                                                                                ",{"bold":true}]],"27":[["test_sample.py:20: test_item_no[0-assertion_func0] ",{}],["FAILED",{"fg":1}],["                       ",{}]],"28":[["test_sample.py:20: test_item_no[0-assertion_func1] ",{}],["PASSED",{"fg":2}],["                       ",{}]],"29":[["test_sample.py:20: test_item_no[0-assertion_func2] ",{}],["PASSED",{"fg":2}],["                       ",{}]],"30":[["test_sample.py:20: test_item_no[11-assertion_func3] ",{}],["FAILED",{"fg":1}],["                      ",{}]],"31":[["test_sample.py:20: test_item_no[11-assertion_func4] ",{}],["PASSED",{"fg":2}],["                      ",{}]],"32":[["test_sample.py:20: test_item_no[11-assertion_func5] ",{}],["FAILED",{"fg":1}],["                      ",{}]],"33":[["test_sample.py:20: test_item_no[33-assertion_func6] ",{}],["PASSED",{"fg":2}],["                      ",{}]],"34":[["test_sample.py:20: test_item_no[33-assertion_func7] ",{}],["FAILED",{"fg":1}],["                      ",{}]],"35":[["test_sample.py:20: test_item_no[33-assertion_func8] ",{}],["FAILED",{"fg":1}],["                      ",{}]],"36":[["                                                                                ",{}]],"37":[["====================== 5 failed, 4 passed in 0.03 seconds ======================",{"bold":true}]],"38":[["falsetru@ubuntu:/tmp$                                                           ",{}]]}}],[4.353765,{"lines":{"0":[["test_sample.py:20: test_item_no[0-greater_than_30] ",{}],["FAILED",{"fg":1}],["                       ",{}]],"1":[["test_sample.py:20: test_item_no[0-lesser_than_30] ",{}],["PASSED",{"fg":2}],["                        ",{}]],"2":[["test_sample.py:20: test_item_no[0-modulo_2] ",{}],["PASSED",{"fg":2}],["                              ",{}]],"3":[["test_sample.py:20: test_item_no[11-greater_than_30] ",{}],["FAILED",{"fg":1}],["                      ",{}]],"4":[["test_sample.py:20: test_item_no[11-lesser_than_30] ",{}],["PASSED",{"fg":2}],["                       ",{}]],"5":[["test_sample.py:20: test_item_no[11-modulo_2] ",{}],["FAILED",{"fg":1}],["                             ",{}]],"6":[["test_sample.py:20: test_item_no[33-greater_than_30] ",{}],["PASSED",{"fg":2}],["                      ",{}]],"7":[["test_sample.py:20: test_item_no[33-lesser_than_30] ",{}],["FAILED",{"fg":1}],["                       ",{}]],"8":[["test_sample.py:20: test_item_no[33-modulo_2] ",{}],["FAILED",{"fg":1}],["                             ",{}]],"9":[["                                                                                ",{}]],"10":[["====================== 5 failed, 4 passed in 0.03 seconds ======================",{"bold":true}]],"11":[["falsetru@ubuntu:/tmp$                                                           ",{}]],"16":[["falsetru@ubuntu:/tmp$ vi test_sample.py                                         ",{}]],"17":[["falsetru@ubuntu:/tmp$                                                           ",{}]],"20":[["falsetru@ubuntu:/tmp$ #without FuncWrapper.                                     ",{}]],"21":[["falsetru@ubuntu:/tmp$ py.test -v --tb=no test_sample.py                         ",{}]],"22":[["============================= test session starts ==============================",{"bold":true}]],"23":[["platform linux2 -- Python 2.7.5 -- pytest-2.3.5 -- /usr/bin/python              ",{}]],"24":[["collected 9 items ",{"bold":true}],["                                                              ",{}]],"25":[["                                                                                ",{"bold":true}]],"26":[["test_sample.py:20: test_item_no[0-assertion_func0] ",{}],["FAILED",{"fg":1}],["                       ",{}]],"27":[["test_sample.py:20: test_item_no[0-assertion_func1] ",{}],["PASSED",{"fg":2}],["                       ",{}]],"28":[["test_sample.py:20: test_item_no[0-assertion_func2] ",{}],["PASSED",{"fg":2}],["                       ",{}]],"29":[["test_sample.py:20: test_item_no[11-assertion_func3] ",{}],["FAILED",{"fg":1}],["                      ",{}]],"30":[["test_sample.py:20: test_item_no[11-assertion_func4] ",{}],["PASSED",{"fg":2}],["                      ",{}]],"31":[["test_sample.py:20: test_item_no[11-assertion_func5] ",{}],["FAILED",{"fg":1}],["                      ",{}]],"32":[["test_sample.py:20: test_item_no[33-assertion_func6] ",{}],["PASSED",{"fg":2}],["                      ",{}]],"33":[["test_sample.py:20: test_item_no[33-assertion_func7] ",{}],["FAILED",{"fg":1}],["                      ",{}]],"34":[["test_sample.py:20: test_item_no[33-assertion_func8] ",{}],["FAILED",{"fg":1}],["                      ",{}]],"35":[["                                                                                ",{}]],"36":[["====================== 5 failed, 4 passed in 0.03 seconds ======================",{"bold":true}]],"37":[["falsetru@ubuntu:/tmp$                                                           ",{}]],"40":[["falsetru@ubuntu:/tmp$ exit                                                      ",{}]],"41":[["                                                                                ",{}]]},"cursor":{"x":0}}]]