[[0.211785,{"lines":{"0":[["falsetru@ubuntu:/tmp$                                                           ",{}]],"1":[["                                                                                ",{}]],"2":[["                                                                                ",{}]],"3":[["                                                                                ",{}]],"4":[["                                                                                ",{}]],"5":[["                                                                                ",{}]],"6":[["                                                                                ",{}]],"7":[["                                                                                ",{}]],"8":[["                                                                                ",{}]],"9":[["                                                                                ",{}]],"10":[["                                                                                ",{}]],"11":[["                                                                                ",{}]],"12":[["                                                                                ",{}]],"13":[["                                                                                ",{}]],"14":[["                                                                                ",{}]],"15":[["                                                                                ",{}]],"16":[["                                                                                ",{}]],"17":[["                                                                                ",{}]],"18":[["                                                                                ",{}]],"19":[["                                                                                ",{}]],"20":[["                                                                                ",{}]],"21":[["                                                                                ",{}]],"22":[["                                                                                ",{}]],"23":[["                                                                                ",{}]],"24":[["                                                                                ",{}]],"25":[["                                                                                ",{}]],"26":[["                                                                                ",{}]],"27":[["                                                                                ",{}]],"28":[["                                                                                ",{}]],"29":[["                                                                                ",{}]],"30":[["                                                                                ",{}]],"31":[["                                                                                ",{}]],"32":[["                                                                                ",{}]],"33":[["                                                                                ",{}]],"34":[["                                                                                ",{}]],"35":[["                                                                                ",{}]],"36":[["                                                                                ",{}]],"37":[["                                                                                ",{}]],"38":[["                                                                                ",{}]],"39":[["                                                                                ",{}]],"40":[["                                                                                ",{}]],"41":[["                                                                                ",{}]]},"cursor":{"x":22,"y":0,"visible":true}}],[1.750685,{"lines":{"0":[["falsetru@ubuntu:/tmp$ c                                                         ",{}]]},"cursor":{"x":23}}],[0.216329,{"lines":{"0":[["falsetru@ubuntu:/tmp$ ca                                                        ",{}]]},"cursor":{"x":24}}],[0.135566,{"lines":{"0":[["falsetru@ubuntu:/tmp$ cat                                                       ",{}]]},"cursor":{"x":25}}],[0.14441,{"cursor":{"x":26}}],[0.680117,{"lines":{"0":[["falsetru@ubuntu:/tmp$ cat t                                                     ",{}]]},"cursor":{"x":27}}],[0.087612,{"lines":{"0":[["falsetru@ubuntu:/tmp$ cat te                                                    ",{}]]},"cursor":{"x":28}}],[0.095691,{"lines":{"0":[["falsetru@ubuntu:/tmp$ cat tes                                                   ",{}]]},"cursor":{"x":29}}],[0.056508,{"lines":{"0":[["falsetru@ubuntu:/tmp$ cat test                                                  ",{}]]},"cursor":{"x":30}}],[0.175514,{"lines":{"0":[["falsetru@ubuntu:/tmp$ cat test_                                                 ",{}]]},"cursor":{"x":31}}],[0.496499,{"lines":{"0":[["falsetru@ubuntu:/tmp$ cat test_s                                                ",{}]]},"cursor":{"x":32}}],[0.08755300000000001,{"lines":{"0":[["falsetru@ubuntu:/tmp$ cat test_sa                                               ",{}]]},"cursor":{"x":33}}],[0.095844,{"lines":{"0":[["falsetru@ubuntu:/tmp$ cat test_sam                                              ",{}]]},"cursor":{"x":34}}],[0.08851100000000001,{"lines":{"0":[["falsetru@ubuntu:/tmp$ cat test_samp                                             ",{}]]},"cursor":{"x":35}}],[0.151817,{"lines":{"0":[["falsetru@ubuntu:/tmp$ cat test_sampl                                            ",{}]]},"cursor":{"x":36}}],[0.07169200000000001,{"lines":{"0":[["falsetru@ubuntu:/tmp$ cat test_sample                                           ",{}]]},"cursor":{"x":37}}],[0.120267,{"lines":{"0":[["falsetru@ubuntu:/tmp$ cat test_sample.                                          ",{}]]},"cursor":{"x":38}}],[0.112256,{"lines":{"0":[["falsetru@ubuntu:/tmp$ cat test_sample.p                                         ",{}]]},"cursor":{"x":39}}],[0.119656,{"lines":{"0":[["falsetru@ubuntu:/tmp$ cat test_sample.py                                        ",{}]]},"cursor":{"x":40}}],[0.216829,{"cursor":{"x":0,"y":1}}],[0.002528,{"lines":{"1":[["import pytest                                                                   ",{}]],"3":[["@pytest.fixture(params=[0, 11, 33])                                             ",{}]],"4":[["def itemNo(request):                                                            ",{}]],"5":[["    return request.param                                                        ",{}]],"8":[["def test_greater_than_30(itemNo):                                               ",{}]],"9":[["    assert (itemNo > 30), \"not greather than 30\"                                ",{}]],"10":[["def test_lesser_than_30(itemNo):                                                ",{}]],"11":[["    assert (itemNo < 30), \"not lesser thant 30\"                                 ",{}]],"12":[["def test_modulo_2(itemNo):                                                      ",{}]],"13":[["    assert (itemNo % 2) == 0, \"not divisible by 2\"                              ",{}]],"14":[["falsetru@ubuntu:/tmp$                                                           ",{}]]},"cursor":{"x":22,"y":14}}],[0.7176,{"lines":{"15":[["falsetru@ubuntu:/tmp$                                                           ",{}]]},"cursor":{"y":15}}],[0.183873,{"lines":{"16":[["falsetru@ubuntu:/tmp$                                                           ",{}]]},"cursor":{"y":16}}],[0.615482,{"lines":{"16":[["falsetru@ubuntu:/tmp$ p                                                         ",{}]]},"cursor":{"x":23}}],[0.223549,{"lines":{"16":[["falsetru@ubuntu:/tmp$ py                                                        ",{}]]},"cursor":{"x":24}}],[0.648366,{"lines":{"16":[["falsetru@ubuntu:/tmp$ py.                                                       ",{}]]},"cursor":{"x":25}}],[0.12779,{"lines":{"16":[["falsetru@ubuntu:/tmp$ py.t                                                      ",{}]]},"cursor":{"x":26}}],[0.135806,{"lines":{"16":[["falsetru@ubuntu:/tmp$ py.te                                                     ",{}]]},"cursor":{"x":27}}],[0.17643,{"lines":{"16":[["falsetru@ubuntu:/tmp$ py.tes                                                    ",{}]]},"cursor":{"x":28}}],[0.120164,{"lines":{"16":[["falsetru@ubuntu:/tmp$ py.test                                                   ",{}]]},"cursor":{"x":29}}],[0.119747,{"cursor":{"x":30}}],[0.648378,{"lines":{"16":[["falsetru@ubuntu:/tmp$ py.test t                                                 ",{}]]},"cursor":{"x":31}}],[0.119443,{"lines":{"16":[["falsetru@ubuntu:/tmp$ py.test te                                                ",{}]]},"cursor":{"x":32}}],[0.063709,{"lines":{"16":[["falsetru@ubuntu:/tmp$ py.test tes                                               ",{}]]},"cursor":{"x":33}}],[0.088565,{"lines":{"16":[["falsetru@ubuntu:/tmp$ py.test test                                              ",{}]]},"cursor":{"x":34}}],[0.151786,{"lines":{"16":[["falsetru@ubuntu:/tmp$ py.test test_                                             ",{}]]},"cursor":{"x":35}}],[0.135695,{"lines":{"16":[["falsetru@ubuntu:/tmp$ py.test test_s                                            ",{}]]},"cursor":{"x":36}}],[0.064648,{"lines":{"16":[["falsetru@ubuntu:/tmp$ py.test test_sa                                           ",{}]]},"cursor":{"x":37}}],[0.079925,{"lines":{"16":[["falsetru@ubuntu:/tmp$ py.test test_sam                                          ",{}]]},"cursor":{"x":38}}],[0.079906,{"lines":{"16":[["falsetru@ubuntu:/tmp$ py.test test_samp                                         ",{}]]},"cursor":{"x":39}}],[0.18361,{"lines":{"16":[["falsetru@ubuntu:/tmp$ py.test test_sampl                                        ",{}]]},"cursor":{"x":40}}],[0.08058800000000001,{"lines":{"16":[["falsetru@ubuntu:/tmp$ py.test test_sample                                       ",{}]]},"cursor":{"x":41}}],[0.135905,{"lines":{"16":[["falsetru@ubuntu:/tmp$ py.test test_sample.                                      ",{}]]},"cursor":{"x":42}}],[0.175668,{"lines":{"16":[["falsetru@ubuntu:/tmp$ py.test test_sample.p                                     ",{}]]},"cursor":{"x":43}}],[0.087685,{"lines":{"16":[["falsetru@ubuntu:/tmp$ py.test test_sample.py                                    ",{}]]},"cursor":{"x":44}}],[0.393498,{"cursor":{"x":0,"y":17}}],[0.147034,{"lines":{"17":[["============================= test session starts ==============================",{"bold":true}]],"18":[["platform linux2 -- Python 2.7.5 -- pytest-2.3.5                                 ",{}]]},"cursor":{"y":19}}],[0.016588,{"lines":{"19":[["collected 9 items ",{"bold":true}],["                                                              ",{}]],"21":[["test_sample.py FF...F                                                           ",{}]]},"cursor":{"x":21,"y":21}}],[0.015261,{"lines":{"0":[[">       assert (itemNo > 30), \"not greather than 30\"",{"bold":true}],["                            ",{}]],"1":[["E       AssertionError: not greather than 30",{"fg":1,"bold":true}],["                                    ",{}]],"3":[["test_sample.py:9: AssertionError                                                ",{}]],"4":[["___________________________ test_greater_than_30[11] ___________________________",{}]],"5":[["                                                                                ",{}]],"6":[["itemNo = 11                                                                     ",{}]],"8":[["    def test_greater_than_30(itemNo):",{"bold":true}],["                                           ",{}]],"9":[[">       assert (itemNo > 30), \"not greather than 30\"",{"bold":true}],["                            ",{}]],"10":[["E       AssertionError: not greather than 30",{"fg":1,"bold":true}],["                                    ",{}]],"11":[["                                                                                ",{}]],"12":[["test_sample.py:9: AssertionError                                                ",{}]],"13":[["___________________________ test_lesser_than_30[33] ____________________________",{}]],"14":[["                                                                                ",{}]],"15":[["itemNo = 33                                                                     ",{}]],"16":[["                                                                                ",{}]],"17":[["    def test_lesser_than_30(itemNo):",{"bold":true}],["                                            ",{}]],"18":[[">       assert (itemNo < 30), \"not lesser thant 30\"",{"bold":true}],["                             ",{}]],"19":[["E       AssertionError: not lesser thant 30",{"fg":1,"bold":true}],["                                     ",{}]],"21":[["test_sample.py:11: AssertionError                                               ",{}]],"22":[["______________________________ test_modulo_2[11] _______________________________",{}]],"24":[["itemNo = 11                                                                     ",{}]],"26":[["    def test_modulo_2(itemNo):",{"bold":true}],["                                                  ",{}]],"27":[[">       assert (itemNo % 2) == 0, \"not divisible by 2\"",{"bold":true}],["                          ",{}]],"28":[["E       AssertionError: not divisible by 2",{"fg":1,"bold":true}],["                                      ",{}]],"30":[["test_sample.py:13: AssertionError                                               ",{}]],"31":[["______________________________ test_modulo_2[33] _______________________________",{}]],"33":[["itemNo = 33                                                                     ",{}]],"35":[["    def test_modulo_2(itemNo):",{"bold":true}],["                                                  ",{}]],"36":[[">       assert (itemNo % 2) == 0, \"not divisible by 2\"",{"bold":true}],["                          ",{}]],"37":[["E       AssertionError: not divisible by 2",{"fg":1,"bold":true}],["                                      ",{}]],"39":[["test_sample.py:13: AssertionError                                               ",{}]],"40":[["====================== 5 failed, 4 passed in 0.03 seconds ======================",{"bold":true}]],"41":[["falsetru@ubuntu:/tmp$                                                           ",{}]]},"cursor":{"x":22,"y":41}}],[9.860590999999999,{"lines":{"0":[["E       AssertionError: not greather than 30",{"fg":1,"bold":true}],["                                    ",{}]],"1":[["                                                                                ",{}]],"2":[["test_sample.py:9: AssertionError                                                ",{}]],"3":[["___________________________ test_greater_than_30[11] ___________________________",{}]],"4":[["                                                                                ",{}]],"5":[["itemNo = 11                                                                     ",{}]],"6":[["                                                                                ",{}]],"7":[["    def test_greater_than_30(itemNo):",{"bold":true}],["                                           ",{}]],"8":[[">       assert (itemNo > 30), \"not greather than 30\"",{"bold":true}],["                            ",{}]],"9":[["E       AssertionError: not greather than 30",{"fg":1,"bold":true}],["                                    ",{}]],"10":[["                                                                                ",{}]],"11":[["test_sample.py:9: AssertionError                                                ",{}]],"12":[["___________________________ test_lesser_than_30[33] ____________________________",{}]],"13":[["                                                                                ",{}]],"14":[["itemNo = 33                                                                     ",{}]],"15":[["                                                                                ",{}]],"16":[["    def test_lesser_than_30(itemNo):",{"bold":true}],["                                            ",{}]],"17":[[">       assert (itemNo < 30), \"not lesser thant 30\"",{"bold":true}],["                             ",{}]],"18":[["E       AssertionError: not lesser thant 30",{"fg":1,"bold":true}],["                                     ",{}]],"19":[["                                                                                ",{}]],"20":[["test_sample.py:11: AssertionError                                               ",{}]],"21":[["______________________________ test_modulo_2[11] _______________________________",{}]],"22":[["                                                                                ",{}]],"23":[["itemNo = 11                                                                     ",{}]],"24":[["                                                                                ",{}]],"25":[["    def test_modulo_2(itemNo):",{"bold":true}],["                                                  ",{}]],"26":[[">       assert (itemNo % 2) == 0, \"not divisible by 2\"",{"bold":true}],["                          ",{}]],"27":[["E       AssertionError: not divisible by 2",{"fg":1,"bold":true}],["                                      ",{}]],"28":[["                                                                                ",{}]],"29":[["test_sample.py:13: AssertionError                                               ",{}]],"30":[["______________________________ test_modulo_2[33] _______________________________",{}]],"31":[["                                                                                ",{}]],"32":[["itemNo = 33                                                                     ",{}]],"33":[["                                                                                ",{}]],"34":[["    def test_modulo_2(itemNo):",{"bold":true}],["                                                  ",{}]],"35":[[">       assert (itemNo % 2) == 0, \"not divisible by 2\"",{"bold":true}],["                          ",{}]],"36":[["E       AssertionError: not divisible by 2",{"fg":1,"bold":true}],["                                      ",{}]],"37":[["                                                                                ",{}]],"38":[["test_sample.py:13: AssertionError                                               ",{}]],"39":[["====================== 5 failed, 4 passed in 0.03 seconds ======================",{"bold":true}]],"40":[["falsetru@ubuntu:/tmp$                                                           ",{}]]}}],[0.431357,{"lines":{"41":[["falsetru@ubuntu:/tmp$ py.test test_sample.py                                    ",{}]]},"cursor":{"x":44}}],[1.120572,{"cursor":{"x":45}}],[0.239408,{"lines":{"41":[["falsetru@ubuntu:/tmp$ py.test test_sample.py |                                  ",{}]]},"cursor":{"x":46}}],[0.176008,{"cursor":{"x":47}}],[0.920015,{"lines":{"41":[["falsetru@ubuntu:/tmp$ py.test test_sample.py | m                                ",{}]]},"cursor":{"x":48}}],[0.464157,{"lines":{"41":[["falsetru@ubuntu:/tmp$ py.test test_sample.py | mo                               ",{}]]},"cursor":{"x":49}}],[0.223509,{"lines":{"41":[["falsetru@ubuntu:/tmp$ py.test test_sample.py | mor                              ",{}]]},"cursor":{"x":50}}],[0.143346,{"lines":{"41":[["falsetru@ubuntu:/tmp$ py.test test_sample.py | more                             ",{}]]},"cursor":{"x":51}}],[0.17757,{"lines":{"0":[["                                                                                ",{}]],"1":[["test_sample.py:9: AssertionError                                                ",{}]],"2":[["___________________________ test_greater_than_30[11] ___________________________",{}]],"3":[["                                                                                ",{}]],"4":[["itemNo = 11                                                                     ",{}]],"5":[["                                                                                ",{}]],"6":[["    def test_greater_than_30(itemNo):",{"bold":true}],["                                           ",{}]],"7":[[">       assert (itemNo > 30), \"not greather than 30\"",{"bold":true}],["                            ",{}]],"8":[["E       AssertionError: not greather than 30",{"fg":1,"bold":true}],["                                    ",{}]],"9":[["                                                                                ",{}]],"10":[["test_sample.py:9: AssertionError                                                ",{}]],"11":[["___________________________ test_lesser_than_30[33] ____________________________",{}]],"12":[["                                                                                ",{}]],"13":[["itemNo = 33                                                                     ",{}]],"14":[["                                                                                ",{}]],"15":[["    def test_lesser_than_30(itemNo):",{"bold":true}],["                                            ",{}]],"16":[[">       assert (itemNo < 30), \"not lesser thant 30\"",{"bold":true}],["                             ",{}]],"17":[["E       AssertionError: not lesser thant 30",{"fg":1,"bold":true}],["                                     ",{}]],"18":[["                                                                                ",{}]],"19":[["test_sample.py:11: AssertionError                                               ",{}]],"20":[["______________________________ test_modulo_2[11] _______________________________",{}]],"21":[["                                                                                ",{}]],"22":[["itemNo = 11                                                                     ",{}]],"23":[["                                                                                ",{}]],"24":[["    def test_modulo_2(itemNo):",{"bold":true}],["                                                  ",{}]],"25":[[">       assert (itemNo % 2) == 0, \"not divisible by 2\"",{"bold":true}],["                          ",{}]],"26":[["E       AssertionError: not divisible by 2",{"fg":1,"bold":true}],["                                      ",{}]],"27":[["                                                                                ",{}]],"28":[["test_sample.py:13: AssertionError                                               ",{}]],"29":[["______________________________ test_modulo_2[33] _______________________________",{}]],"30":[["                                                                                ",{}]],"31":[["itemNo = 33                                                                     ",{}]],"32":[["                                                                                ",{}]],"33":[["    def test_modulo_2(itemNo):",{"bold":true}],["                                                  ",{}]],"34":[[">       assert (itemNo % 2) == 0, \"not divisible by 2\"",{"bold":true}],["                          ",{}]],"35":[["E       AssertionError: not divisible by 2",{"fg":1,"bold":true}],["                                      ",{}]],"36":[["                                                                                ",{}]],"37":[["test_sample.py:13: AssertionError                                               ",{}]],"38":[["====================== 5 failed, 4 passed in 0.03 seconds ======================",{"bold":true}]],"39":[["falsetru@ubuntu:/tmp$                                                           ",{}]],"40":[["falsetru@ubuntu:/tmp$ py.test test_sample.py | more                             ",{}]],"41":[["                                                                                ",{}]]},"cursor":{"x":0}}],[0.125369,{"lines":{"0":[["___________________________ test_greater_than_30[11] ___________________________",{}]],"1":[["                                                                                ",{}]],"2":[["itemNo = 11                                                                     ",{}]],"4":[["    def test_greater_than_30(itemNo):",{"bold":true}],["                                           ",{}]],"5":[[">       assert (itemNo > 30), \"not greather than 30\"",{"bold":true}],["                            ",{}]],"6":[["E       AssertionError: not greather than 30",{"fg":1,"bold":true}],["                                    ",{}]],"7":[["                                                                                ",{}]],"8":[["test_sample.py:9: AssertionError                                                ",{}]],"9":[["___________________________ test_lesser_than_30[33] ____________________________",{}]],"10":[["                                                                                ",{}]],"11":[["itemNo = 33                                                                     ",{}]],"13":[["    def test_lesser_than_30(itemNo):",{"bold":true}],["                                            ",{}]],"14":[[">       assert (itemNo < 30), \"not lesser thant 30\"",{"bold":true}],["                             ",{}]],"15":[["E       AssertionError: not lesser thant 30",{"fg":1,"bold":true}],["                                     ",{}]],"16":[["                                                                                ",{}]],"17":[["test_sample.py:11: AssertionError                                               ",{}]],"18":[["______________________________ test_modulo_2[11] _______________________________",{}]],"19":[["                                                                                ",{}]],"20":[["itemNo = 11                                                                     ",{}]],"22":[["    def test_modulo_2(itemNo):",{"bold":true}],["                                                  ",{}]],"23":[[">       assert (itemNo % 2) == 0, \"not divisible by 2\"",{"bold":true}],["                          ",{}]],"24":[["E       AssertionError: not divisible by 2",{"fg":1,"bold":true}],["                                      ",{}]],"25":[["                                                                                ",{}]],"26":[["test_sample.py:13: AssertionError                                               ",{}]],"27":[["______________________________ test_modulo_2[33] _______________________________",{}]],"28":[["                                                                                ",{}]],"29":[["itemNo = 33                                                                     ",{}]],"31":[["    def test_modulo_2(itemNo):",{"bold":true}],["                                                  ",{}]],"32":[[">       assert (itemNo % 2) == 0, \"not divisible by 2\"",{"bold":true}],["                          ",{}]],"33":[["E       AssertionError: not divisible by 2",{"fg":1,"bold":true}],["                                      ",{}]],"34":[["                                                                                ",{}]],"35":[["test_sample.py:13: AssertionError                                               ",{}]],"36":[["====================== 5 failed, 4 passed in 0.03 seconds ======================",{"bold":true}]],"37":[["falsetru@ubuntu:/tmp$                                                           ",{}]],"38":[["falsetru@ubuntu:/tmp$ py.test test_sample.py | more                             ",{}]],"39":[["============================= test session starts ==============================",{}]],"40":[["platform linux2 -- Python 2.7.5 -- pytest-2.3.5                                 ",{}]]}}],[0.004525,{"lines":{"0":[["itemNo = 11                                                                     ",{}]],"2":[["    def test_greater_than_30(itemNo):",{"bold":true}],["                                           ",{}]],"3":[[">       assert (itemNo > 30), \"not greather than 30\"",{"bold":true}],["                            ",{}]],"4":[["E       AssertionError: not greather than 30",{"fg":1,"bold":true}],["                                    ",{}]],"5":[["                                                                                ",{}]],"6":[["test_sample.py:9: AssertionError                                                ",{}]],"7":[["___________________________ test_lesser_than_30[33] ____________________________",{}]],"8":[["                                                                                ",{}]],"9":[["itemNo = 33                                                                     ",{}]],"11":[["    def test_lesser_than_30(itemNo):",{"bold":true}],["                                            ",{}]],"12":[[">       assert (itemNo < 30), \"not lesser thant 30\"",{"bold":true}],["                             ",{}]],"13":[["E       AssertionError: not lesser thant 30",{"fg":1,"bold":true}],["                                     ",{}]],"14":[["                                                                                ",{}]],"15":[["test_sample.py:11: AssertionError                                               ",{}]],"16":[["______________________________ test_modulo_2[11] _______________________________",{}]],"17":[["                                                                                ",{}]],"18":[["itemNo = 11                                                                     ",{}]],"20":[["    def test_modulo_2(itemNo):",{"bold":true}],["                                                  ",{}]],"21":[[">       assert (itemNo % 2) == 0, \"not divisible by 2\"",{"bold":true}],["                          ",{}]],"22":[["E       AssertionError: not divisible by 2",{"fg":1,"bold":true}],["                                      ",{}]],"23":[["                                                                                ",{}]],"24":[["test_sample.py:13: AssertionError                                               ",{}]],"25":[["______________________________ test_modulo_2[33] _______________________________",{}]],"26":[["                                                                                ",{}]],"27":[["itemNo = 33                                                                     ",{}]],"29":[["    def test_modulo_2(itemNo):",{"bold":true}],["                                                  ",{}]],"30":[[">       assert (itemNo % 2) == 0, \"not divisible by 2\"",{"bold":true}],["                          ",{}]],"31":[["E       AssertionError: not divisible by 2",{"fg":1,"bold":true}],["                                      ",{}]],"32":[["                                                                                ",{}]],"33":[["test_sample.py:13: AssertionError                                               ",{}]],"34":[["====================== 5 failed, 4 passed in 0.03 seconds ======================",{"bold":true}]],"35":[["falsetru@ubuntu:/tmp$                                                           ",{}]],"36":[["falsetru@ubuntu:/tmp$ py.test test_sample.py | more                             ",{}]],"37":[["============================= test session starts ==============================",{}]],"38":[["platform linux2 -- Python 2.7.5 -- pytest-2.3.5                                 ",{}]],"39":[["collected 9 items                                                               ",{}]],"40":[["                                                                                ",{}]]}}],[0.016636,{"lines":{"0":[["============================= test session starts ==============================",{}]],"1":[["platform linux2 -- Python 2.7.5 -- pytest-2.3.5                                 ",{}]],"2":[["collected 9 items                                                               ",{}]],"3":[["                                                                                ",{}]],"4":[["test_sample.py FF...F.FF                                                        ",{}]],"6":[["=================================== FAILURES ===================================",{}]],"7":[["___________________________ test_greater_than_30[0] ____________________________",{}]],"9":[["itemNo = 0                                                                      ",{}]],"11":[["    def test_greater_than_30(itemNo):                                           ",{}]],"12":[[">       assert (itemNo > 30), \"not greather than 30\"                            ",{}]],"13":[["E       AssertionError: not greather than 30                                    ",{}]],"15":[["test_sample.py:9: AssertionError                                                ",{}]],"16":[["___________________________ test_greater_than_30[11] ___________________________",{}]],"20":[["    def test_greater_than_30(itemNo):                                           ",{}]],"21":[[">       assert (itemNo > 30), \"not greather than 30\"                            ",{}]],"22":[["E       AssertionError: not greather than 30                                    ",{}]],"24":[["test_sample.py:9: AssertionError                                                ",{}]],"25":[["___________________________ test_lesser_than_30[33] ____________________________",{}]],"29":[["    def test_lesser_than_30(itemNo):                                            ",{}]],"30":[[">       assert (itemNo < 30), \"not lesser thant 30\"                             ",{}]],"31":[["E       AssertionError: not lesser thant 30                                     ",{}]],"33":[["test_sample.py:11: AssertionError                                               ",{}]],"34":[["______________________________ test_modulo_2[11] _______________________________",{}]],"35":[["                                                                                ",{}]],"36":[["itemNo = 11                                                                     ",{}]],"37":[["                                                                                ",{}]],"38":[["    def test_modulo_2(itemNo):                                                  ",{}]],"39":[[">       assert (itemNo % 2) == 0, \"not divisible by 2\"                          ",{}]],"40":[["E       AssertionError: not divisible by 2                                      ",{}]]}}],[0.00023,{"lines":{"41":[["--More--",{"inverse":true}],["                                                                        ",{}]]},"cursor":{"x":8}}],[3.173527,{"lines":{"0":[[">       assert (itemNo > 30), \"not greather than 30\"                            ",{}]],"1":[["E       AssertionError: not greather than 30                                    ",{}]],"2":[["                                                                                ",{}]],"3":[["test_sample.py:9: AssertionError                                                ",{}]],"4":[["___________________________ test_greater_than_30[11] ___________________________",{}]],"6":[["itemNo = 11                                                                     ",{}]],"7":[["                                                                                ",{}]],"8":[["    def test_greater_than_30(itemNo):                                           ",{}]],"9":[[">       assert (itemNo > 30), \"not greather than 30\"                            ",{}]],"10":[["E       AssertionError: not greather than 30                                    ",{}]],"11":[["                                                                                ",{}]],"12":[["test_sample.py:9: AssertionError                                                ",{}]],"13":[["___________________________ test_lesser_than_30[33] ____________________________",{}]],"15":[["itemNo = 33                                                                     ",{}]],"16":[["                                                                                ",{}]],"17":[["    def test_lesser_than_30(itemNo):                                            ",{}]],"18":[[">       assert (itemNo < 30), \"not lesser thant 30\"                             ",{}]],"19":[["E       AssertionError: not lesser thant 30                                     ",{}]],"20":[["                                                                                ",{}]],"21":[["test_sample.py:11: AssertionError                                               ",{}]],"22":[["______________________________ test_modulo_2[11] _______________________________",{}]],"24":[["itemNo = 11                                                                     ",{}]],"25":[["                                                                                ",{}]],"26":[["    def test_modulo_2(itemNo):                                                  ",{}]],"27":[[">       assert (itemNo % 2) == 0, \"not divisible by 2\"                          ",{}]],"28":[["E       AssertionError: not divisible by 2                                      ",{}]],"29":[["                                                                                ",{}]],"30":[["test_sample.py:13: AssertionError                                               ",{}]],"31":[["______________________________ test_modulo_2[33] _______________________________",{}]],"33":[["itemNo = 33                                                                     ",{}]],"34":[["                                                                                ",{}]],"35":[["    def test_modulo_2(itemNo):                                                  ",{}]],"36":[[">       assert (itemNo % 2) == 0, \"not divisible by 2\"                          ",{}]],"37":[["E       AssertionError: not divisible by 2                                      ",{}]],"38":[["                                                                                ",{}]],"39":[["test_sample.py:13: AssertionError                                               ",{}]],"40":[["====================== 5 failed, 4 passed in 0.02 seconds ======================",{}]],"41":[["                                                                                ",{}]]},"cursor":{"x":0}}],[0.000909,{"lines":{"41":[["falsetru@ubuntu:/tmp$                                                           ",{}]]},"cursor":{"x":22}}],[1.550999,{"lines":{"0":[["E       AssertionError: not greather than 30                                    ",{}]],"1":[["                                                                                ",{}]],"2":[["test_sample.py:9: AssertionError                                                ",{}]],"3":[["___________________________ test_greater_than_30[11] ___________________________",{}]],"4":[["                                                                                ",{}]],"5":[["itemNo = 11                                                                     ",{}]],"6":[["                                                                                ",{}]],"7":[["    def test_greater_than_30(itemNo):                                           ",{}]],"8":[[">       assert (itemNo > 30), \"not greather than 30\"                            ",{}]],"9":[["E       AssertionError: not greather than 30                                    ",{}]],"10":[["                                                                                ",{}]],"11":[["test_sample.py:9: AssertionError                                                ",{}]],"12":[["___________________________ test_lesser_than_30[33] ____________________________",{}]],"13":[["                                                                                ",{}]],"14":[["itemNo = 33                                                                     ",{}]],"15":[["                                                                                ",{}]],"16":[["    def test_lesser_than_30(itemNo):                                            ",{}]],"17":[[">       assert (itemNo < 30), \"not lesser thant 30\"                             ",{}]],"18":[["E       AssertionError: not lesser thant 30                                     ",{}]],"19":[["                                                                                ",{}]],"20":[["test_sample.py:11: AssertionError                                               ",{}]],"21":[["______________________________ test_modulo_2[11] _______________________________",{}]],"22":[["                                                                                ",{}]],"23":[["itemNo = 11                                                                     ",{}]],"24":[["                                                                                ",{}]],"25":[["    def test_modulo_2(itemNo):                                                  ",{}]],"26":[[">       assert (itemNo % 2) == 0, \"not divisible by 2\"                          ",{}]],"27":[["E       AssertionError: not divisible by 2                                      ",{}]],"28":[["                                                                                ",{}]],"29":[["test_sample.py:13: AssertionError                                               ",{}]],"30":[["______________________________ test_modulo_2[33] _______________________________",{}]],"31":[["                                                                                ",{}]],"32":[["itemNo = 33                                                                     ",{}]],"33":[["                                                                                ",{}]],"34":[["    def test_modulo_2(itemNo):                                                  ",{}]],"35":[[">       assert (itemNo % 2) == 0, \"not divisible by 2\"                          ",{}]],"36":[["E       AssertionError: not divisible by 2                                      ",{}]],"37":[["                                                                                ",{}]],"38":[["test_sample.py:13: AssertionError                                               ",{}]],"39":[["====================== 5 failed, 4 passed in 0.02 seconds ======================",{}]],"40":[["falsetru@ubuntu:/tmp$                                                           ",{}]]}}],[0.143466,{"lines":{"0":[["                                                                                ",{}]],"1":[["test_sample.py:9: AssertionError                                                ",{}]],"2":[["___________________________ test_greater_than_30[11] ___________________________",{}]],"3":[["                                                                                ",{}]],"4":[["itemNo = 11                                                                     ",{}]],"5":[["                                                                                ",{}]],"6":[["    def test_greater_than_30(itemNo):                                           ",{}]],"7":[[">       assert (itemNo > 30), \"not greather than 30\"                            ",{}]],"8":[["E       AssertionError: not greather than 30                                    ",{}]],"9":[["                                                                                ",{}]],"10":[["test_sample.py:9: AssertionError                                                ",{}]],"11":[["___________________________ test_lesser_than_30[33] ____________________________",{}]],"12":[["                                                                                ",{}]],"13":[["itemNo = 33                                                                     ",{}]],"14":[["                                                                                ",{}]],"15":[["    def test_lesser_than_30(itemNo):                                            ",{}]],"16":[[">       assert (itemNo < 30), \"not lesser thant 30\"                             ",{}]],"17":[["E       AssertionError: not lesser thant 30                                     ",{}]],"18":[["                                                                                ",{}]],"19":[["test_sample.py:11: AssertionError                                               ",{}]],"20":[["______________________________ test_modulo_2[11] _______________________________",{}]],"21":[["                                                                                ",{}]],"22":[["itemNo = 11                                                                     ",{}]],"23":[["                                                                                ",{}]],"24":[["    def test_modulo_2(itemNo):                                                  ",{}]],"25":[[">       assert (itemNo % 2) == 0, \"not divisible by 2\"                          ",{}]],"26":[["E       AssertionError: not divisible by 2                                      ",{}]],"27":[["                                                                                ",{}]],"28":[["test_sample.py:13: AssertionError                                               ",{}]],"29":[["______________________________ test_modulo_2[33] _______________________________",{}]],"30":[["                                                                                ",{}]],"31":[["itemNo = 33                                                                     ",{}]],"32":[["                                                                                ",{}]],"33":[["    def test_modulo_2(itemNo):                                                  ",{}]],"34":[[">       assert (itemNo % 2) == 0, \"not divisible by 2\"                          ",{}]],"35":[["E       AssertionError: not divisible by 2                                      ",{}]],"36":[["                                                                                ",{}]],"37":[["test_sample.py:13: AssertionError                                               ",{}]],"38":[["====================== 5 failed, 4 passed in 0.02 seconds ======================",{}]],"39":[["falsetru@ubuntu:/tmp$                                                           ",{}]]}}],[0.304586,{"lines":{"0":[["test_sample.py:9: AssertionError                                                ",{}]],"1":[["___________________________ test_greater_than_30[11] ___________________________",{}]],"2":[["                                                                                ",{}]],"3":[["itemNo = 11                                                                     ",{}]],"4":[["                                                                                ",{}]],"5":[["    def test_greater_than_30(itemNo):                                           ",{}]],"6":[[">       assert (itemNo > 30), \"not greather than 30\"                            ",{}]],"7":[["E       AssertionError: not greather than 30                                    ",{}]],"8":[["                                                                                ",{}]],"9":[["test_sample.py:9: AssertionError                                                ",{}]],"10":[["___________________________ test_lesser_than_30[33] ____________________________",{}]],"11":[["                                                                                ",{}]],"12":[["itemNo = 33                                                                     ",{}]],"13":[["                                                                                ",{}]],"14":[["    def test_lesser_than_30(itemNo):                                            ",{}]],"15":[[">       assert (itemNo < 30), \"not lesser thant 30\"                             ",{}]],"16":[["E       AssertionError: not lesser thant 30                                     ",{}]],"17":[["                                                                                ",{}]],"18":[["test_sample.py:11: AssertionError                                               ",{}]],"19":[["______________________________ test_modulo_2[11] _______________________________",{}]],"20":[["                                                                                ",{}]],"21":[["itemNo = 11                                                                     ",{}]],"22":[["                                                                                ",{}]],"23":[["    def test_modulo_2(itemNo):                                                  ",{}]],"24":[[">       assert (itemNo % 2) == 0, \"not divisible by 2\"                          ",{}]],"25":[["E       AssertionError: not divisible by 2                                      ",{}]],"26":[["                                                                                ",{}]],"27":[["test_sample.py:13: AssertionError                                               ",{}]],"28":[["______________________________ test_modulo_2[33] _______________________________",{}]],"29":[["                                                                                ",{}]],"30":[["itemNo = 33                                                                     ",{}]],"31":[["                                                                                ",{}]],"32":[["    def test_modulo_2(itemNo):                                                  ",{}]],"33":[[">       assert (itemNo % 2) == 0, \"not divisible by 2\"                          ",{}]],"34":[["E       AssertionError: not divisible by 2                                      ",{}]],"35":[["                                                                                ",{}]],"36":[["test_sample.py:13: AssertionError                                               ",{}]],"37":[["====================== 5 failed, 4 passed in 0.02 seconds ======================",{}]],"38":[["falsetru@ubuntu:/tmp$                                                           ",{}]],"40":[["falsetru@ubuntu:/tmp$ exit                                                      ",{}]],"41":[["                                                                                ",{}]]},"cursor":{"x":0}}]]